2015-03-06 11:52:07,787 [http-bio-8080-exec-5] ERROR StackTrace  - Full Stack Trace:
org.codehaus.groovy.control.MultipleCompilationErrorsException: startup failed:
Users_ravila_mercadolibre_CumpleEmpleados_grails_app_views_empleado_buscar_gsp: 70: expecting '}', found ',' @ line 70, column 142.
    it) { return empleadoInstance,id }],3)
                                 ^

1 error

	at org.codehaus.groovy.control.ErrorCollector.failIfErrors(ErrorCollector.java:309)
	at org.codehaus.groovy.control.ErrorCollector.addFatalError(ErrorCollector.java:149)
	at org.codehaus.groovy.control.ErrorCollector.addError(ErrorCollector.java:119)
	at org.codehaus.groovy.control.ErrorCollector.addError(ErrorCollector.java:131)
	at org.codehaus.groovy.control.SourceUnit.addError(SourceUnit.java:359)
	at org.codehaus.groovy.antlr.AntlrParserPlugin.transformCSTIntoAST(AntlrParserPlugin.java:142)
	at org.codehaus.groovy.antlr.AntlrParserPlugin.parseCST(AntlrParserPlugin.java:108)
	at org.codehaus.groovy.control.SourceUnit.parse(SourceUnit.java:236)
	at org.codehaus.groovy.control.CompilationUnit$1.call(CompilationUnit.java:162)
	at org.codehaus.groovy.control.CompilationUnit.applyToSourceUnits(CompilationUnit.java:903)
	at org.codehaus.groovy.control.CompilationUnit.doPhaseOperation(CompilationUnit.java:566)
	at org.codehaus.groovy.control.CompilationUnit.processPhaseOperations(CompilationUnit.java:542)
	at org.codehaus.groovy.control.CompilationUnit.compile(CompilationUnit.java:519)
	at groovy.lang.GroovyClassLoader.doParseClass(GroovyClassLoader.java:279)
	at groovy.lang.GroovyClassLoader.parseClass(GroovyClassLoader.java:258)
	at groovy.lang.GroovyClassLoader.parseClass(GroovyClassLoader.java:244)
	at groovy.lang.GroovyClassLoader.parseClass(GroovyClassLoader.java:202)
	at org.codehaus.groovy.grails.web.pages.GroovyPagesTemplateEngine.compileGroovyPage(GroovyPagesTemplateEngine.java:634)
	at org.codehaus.groovy.grails.web.pages.GroovyPagesTemplateEngine.buildPageMetaInfo(GroovyPagesTemplateEngine.java:582)
	at org.codehaus.groovy.grails.web.pages.GroovyPagesTemplateEngine.createTemplate(GroovyPagesTemplateEngine.java:469)
	at org.codehaus.groovy.grails.web.pages.GroovyPagesTemplateEngine.createTemplateWithResource(GroovyPagesTemplateEngine.java:451)
	at org.codehaus.groovy.grails.web.pages.GroovyPagesTemplateEngine.createTemplate(GroovyPagesTemplateEngine.java:257)
	at org.codehaus.groovy.grails.web.pages.GroovyPagesTemplateEngine.createTemplate(GroovyPagesTemplateEngine.java:346)
	at org.codehaus.groovy.grails.web.servlet.view.GroovyPageView.initTemplate(GroovyPageView.java:249)
	at org.codehaus.groovy.grails.web.servlet.view.GroovyPageView.afterPropertiesSet(GroovyPageView.java:239)
	at org.codehaus.groovy.grails.web.servlet.view.GrailsViewResolver.createGroovyPageView(GrailsViewResolver.java:177)
	at org.codehaus.groovy.grails.web.servlet.view.GrailsViewResolver.createGrailsView(GrailsViewResolver.java:160)
	at org.codehaus.groovy.grails.web.servlet.view.GrailsViewResolver.loadView(GrailsViewResolver.java:85)
	at org.codehaus.groovy.grails.scaffolding.view.ScaffoldingViewResolver.loadView(ScaffoldingViewResolver.java:59)
	at org.springframework.web.servlet.view.AbstractCachingViewResolver.createView(AbstractCachingViewResolver.java:211)
	at org.springframework.web.servlet.view.UrlBasedViewResolver.createView(UrlBasedViewResolver.java:401)
	at org.springframework.web.servlet.view.AbstractCachingViewResolver.resolveViewName(AbstractCachingViewResolver.java:120)
	at org.springframework.web.servlet.DispatcherServlet.resolveViewName(DispatcherServlet.java:1211)
	at org.springframework.web.servlet.DispatcherServlet.render(DispatcherServlet.java:1160)
	at org.codehaus.groovy.grails.web.servlet.GrailsDispatcherServlet.doDispatch(GrailsDispatcherServlet.java:369)
	at org.springframework.web.servlet.DispatcherServlet.doService(DispatcherServlet.java:852)
	at org.springframework.web.servlet.FrameworkServlet.processRequest(FrameworkServlet.java:882)
	at org.springframework.web.servlet.FrameworkServlet.doGet(FrameworkServlet.java:778)
	at javax.servlet.http.HttpServlet.service(HttpServlet.java:621)
	at javax.servlet.http.HttpServlet.service(HttpServlet.java:728)
	at org.apache.catalina.core.ApplicationFilterChain.internalDoFilter(ApplicationFilterChain.java:305)
	at org.apache.catalina.core.ApplicationFilterChain.doFilter(ApplicationFilterChain.java:210)
	at grails.plugin.cache.web.filter.PageFragmentCachingFilter.doFilter(PageFragmentCachingFilter.java:200)
	at grails.plugin.cache.web.filter.simple.MemoryPageFragmentCachingFilter.doFilter(MemoryPageFragmentCachingFilter.java)
	at grails.plugin.cache.web.filter.AbstractFilter.doFilter(AbstractFilter.java:63)
	at org.springframework.web.filter.DelegatingFilterProxy.invokeDelegate(DelegatingFilterProxy.java:346)
	at org.springframework.web.filter.DelegatingFilterProxy.doFilter(DelegatingFilterProxy.java:259)
	at org.apache.catalina.core.ApplicationFilterChain.internalDoFilter(ApplicationFilterChain.java:243)
	at org.apache.catalina.core.ApplicationFilterChain.doFilter(ApplicationFilterChain.java:210)
	at org.springframework.web.filter.OncePerRequestFilter.doFilter(OncePerRequestFilter.java:70)
	at org.apache.catalina.core.ApplicationFilterChain.internalDoFilter(ApplicationFilterChain.java:243)
	at org.apache.catalina.core.ApplicationFilterChain.doFilter(ApplicationFilterChain.java:210)
	at org.springframework.web.filter.OncePerRequestFilter.doFilter(OncePerRequestFilter.java:70)
	at org.apache.catalina.core.ApplicationFilterChain.internalDoFilter(ApplicationFilterChain.java:243)
	at org.apache.catalina.core.ApplicationFilterChain.doFilter(ApplicationFilterChain.java:210)
	at org.springframework.web.filter.OncePerRequestFilter.doFilter(OncePerRequestFilter.java:70)
	at org.apache.catalina.core.ApplicationFilterChain.internalDoFilter(ApplicationFilterChain.java:243)
	at org.apache.catalina.core.ApplicationFilterChain.doFilter(ApplicationFilterChain.java:210)
	at org.apache.catalina.core.ApplicationDispatcher.invoke(ApplicationDispatcher.java:749)
	at org.apache.catalina.core.ApplicationDispatcher.processRequest(ApplicationDispatcher.java:487)
	at org.apache.catalina.core.ApplicationDispatcher.doForward(ApplicationDispatcher.java:412)
	at org.apache.catalina.core.ApplicationDispatcher.forward(ApplicationDispatcher.java:339)
	at org.codehaus.groovy.grails.web.util.WebUtils.forwardRequestForUrlMappingInfo(WebUtils.java:318)
	at org.codehaus.groovy.grails.web.util.WebUtils.forwardRequestForUrlMappingInfo(WebUtils.java:283)
	at org.codehaus.groovy.grails.web.util.WebUtils.forwardRequestForUrlMappingInfo(WebUtils.java:274)
	at org.codehaus.groovy.grails.web.mapping.filter.UrlMappingsFilter.doFilterInternal(UrlMappingsFilter.java:203)
	at org.springframework.web.filter.OncePerRequestFilter.doFilter(OncePerRequestFilter.java:76)
	at org.apache.catalina.core.ApplicationFilterChain.internalDoFilter(ApplicationFilterChain.java:243)
	at org.apache.catalina.core.ApplicationFilterChain.doFilter(ApplicationFilterChain.java:210)
	at org.codehaus.groovy.grails.web.sitemesh.GrailsPageFilter.obtainContent(GrailsPageFilter.java:206)
	at org.codehaus.groovy.grails.web.sitemesh.GrailsPageFilter.doFilter(GrailsPageFilter.java:152)
	at org.apache.catalina.core.ApplicationFilterChain.internalDoFilter(ApplicationFilterChain.java:243)
	at org.apache.catalina.core.ApplicationFilterChain.doFilter(ApplicationFilterChain.java:210)
	at javax.servlet.FilterChain$doFilter.call(Unknown Source)
	at org.grails.plugin.resource.DevModeSanityFilter.doFilter(DevModeSanityFilter.groovy:45)
	at org.apache.catalina.core.ApplicationFilterChain.internalDoFilter(ApplicationFilterChain.java:243)
	at org.apache.catalina.core.ApplicationFilterChain.doFilter(ApplicationFilterChain.java:210)
	at org.codehaus.groovy.grails.web.servlet.mvc.GrailsWebRequestFilter.doFilterInternal(GrailsWebRequestFilter.java:69)
	at org.springframework.web.filter.OncePerRequestFilter.doFilter(OncePerRequestFilter.java:76)
	at org.apache.catalina.core.ApplicationFilterChain.internalDoFilter(ApplicationFilterChain.java:243)
	at org.apache.catalina.core.ApplicationFilterChain.doFilter(ApplicationFilterChain.java:210)
	at org.codehaus.groovy.grails.web.filters.HiddenHttpMethodFilter.doFilterInternal(HiddenHttpMethodFilter.java:66)
	at org.springframework.web.filter.OncePerRequestFilter.doFilter(OncePerRequestFilter.java:76)
	at org.apache.catalina.core.ApplicationFilterChain.internalDoFilter(ApplicationFilterChain.java:243)
	at org.apache.catalina.core.ApplicationFilterChain.doFilter(ApplicationFilterChain.java:210)
	at org.springframework.web.filter.CharacterEncodingFilter.doFilterInternal(CharacterEncodingFilter.java:88)
	at org.springframework.web.filter.OncePerRequestFilter.doFilter(OncePerRequestFilter.java:76)
	at org.springframework.web.filter.DelegatingFilterProxy.invokeDelegate(DelegatingFilterProxy.java:346)
	at org.springframework.web.filter.DelegatingFilterProxy.doFilter(DelegatingFilterProxy.java:259)
	at org.apache.catalina.core.ApplicationFilterChain.internalDoFilter(ApplicationFilterChain.java:243)
	at org.apache.catalina.core.ApplicationFilterChain.doFilter(ApplicationFilterChain.java:210)
	at org.apache.catalina.core.StandardWrapperValve.invoke(StandardWrapperValve.java:222)
	at org.apache.catalina.core.StandardContextValve.invoke(StandardContextValve.java:123)
	at org.apache.catalina.core.StandardHostValve.invoke(StandardHostValve.java:171)
	at org.apache.catalina.valves.ErrorReportValve.invoke(ErrorReportValve.java:99)
	at org.apache.catalina.core.StandardEngineValve.invoke(StandardEngineValve.java:118)
	at org.apache.catalina.connector.CoyoteAdapter.service(CoyoteAdapter.java:408)
	at org.apache.coyote.http11.AbstractHttp11Processor.process(AbstractHttp11Processor.java:1023)
	at org.apache.coyote.AbstractProtocol$AbstractConnectionHandler.process(AbstractProtocol.java:589)
	at org.apache.tomcat.util.net.JIoEndpoint$SocketProcessor.run(JIoEndpoint.java:312)
	at java.util.concurrent.ThreadPoolExecutor.runWorker(ThreadPoolExecutor.java:1145)
	at java.util.concurrent.ThreadPoolExecutor$Worker.run(ThreadPoolExecutor.java:615)
	at java.lang.Thread.run(Thread.java:745)
2015-03-06 11:52:07,791 [http-bio-8080-exec-5] ERROR StackTrace  - Full Stack Trace:
org.codehaus.groovy.control.MultipleCompilationErrorsException: startup failed:
Users_ravila_mercadolibre_CumpleEmpleados_grails_app_views_empleado_buscar_gsp: 70: expecting '}', found ',' @ line 70, column 142.
    it) { return empleadoInstance,id }],3)
                                 ^

1 error

	at org.codehaus.groovy.control.ErrorCollector.failIfErrors(ErrorCollector.java:309)
	at org.codehaus.groovy.control.ErrorCollector.addFatalError(ErrorCollector.java:149)
	at org.codehaus.groovy.control.ErrorCollector.addError(ErrorCollector.java:119)
	at org.codehaus.groovy.control.ErrorCollector.addError(ErrorCollector.java:131)
	at org.codehaus.groovy.control.SourceUnit.addError(SourceUnit.java:359)
	at org.codehaus.groovy.antlr.AntlrParserPlugin.transformCSTIntoAST(AntlrParserPlugin.java:142)
	at org.codehaus.groovy.antlr.AntlrParserPlugin.parseCST(AntlrParserPlugin.java:108)
	at org.codehaus.groovy.control.SourceUnit.parse(SourceUnit.java:236)
	at org.codehaus.groovy.control.CompilationUnit$1.call(CompilationUnit.java:162)
	at org.codehaus.groovy.control.CompilationUnit.applyToSourceUnits(CompilationUnit.java:903)
	at org.codehaus.groovy.control.CompilationUnit.doPhaseOperation(CompilationUnit.java:566)
	at org.codehaus.groovy.control.CompilationUnit.processPhaseOperations(CompilationUnit.java:542)
	at org.codehaus.groovy.control.CompilationUnit.compile(CompilationUnit.java:519)
	at grails.plugin.cache.web.filter.PageFragmentCachingFilter.doFilter(PageFragmentCachingFilter.java:200)
	at grails.plugin.cache.web.filter.AbstractFilter.doFilter(AbstractFilter.java:63)
	at java.util.concurrent.ThreadPoolExecutor.runWorker(ThreadPoolExecutor.java:1145)
	at java.util.concurrent.ThreadPoolExecutor$Worker.run(ThreadPoolExecutor.java:615)
	at java.lang.Thread.run(Thread.java:745)
2015-03-06 11:52:07,792 [http-bio-8080-exec-5] ERROR StackTrace  - Full Stack Trace:
org.codehaus.groovy.control.MultipleCompilationErrorsException: startup failed:
Users_ravila_mercadolibre_CumpleEmpleados_grails_app_views_empleado_buscar_gsp: 70: expecting '}', found ',' @ line 70, column 142.
    it) { return empleadoInstance,id }],3)
                                 ^

1 error

	at org.codehaus.groovy.control.ErrorCollector.failIfErrors(ErrorCollector.java:309)
	at org.codehaus.groovy.control.ErrorCollector.addFatalError(ErrorCollector.java:149)
	at org.codehaus.groovy.control.ErrorCollector.addError(ErrorCollector.java:119)
	at org.codehaus.groovy.control.ErrorCollector.addError(ErrorCollector.java:131)
	at org.codehaus.groovy.control.SourceUnit.addError(SourceUnit.java:359)
	at org.codehaus.groovy.antlr.AntlrParserPlugin.transformCSTIntoAST(AntlrParserPlugin.java:142)
	at org.codehaus.groovy.antlr.AntlrParserPlugin.parseCST(AntlrParserPlugin.java:108)
	at org.codehaus.groovy.control.SourceUnit.parse(SourceUnit.java:236)
	at org.codehaus.groovy.control.CompilationUnit$1.call(CompilationUnit.java:162)
	at org.codehaus.groovy.control.CompilationUnit.applyToSourceUnits(CompilationUnit.java:903)
	at org.codehaus.groovy.control.CompilationUnit.doPhaseOperation(CompilationUnit.java:566)
	at org.codehaus.groovy.control.CompilationUnit.processPhaseOperations(CompilationUnit.java:542)
	at org.codehaus.groovy.control.CompilationUnit.compile(CompilationUnit.java:519)
	at grails.plugin.cache.web.filter.PageFragmentCachingFilter.doFilter(PageFragmentCachingFilter.java:200)
	at grails.plugin.cache.web.filter.AbstractFilter.doFilter(AbstractFilter.java:63)
	at java.util.concurrent.ThreadPoolExecutor.runWorker(ThreadPoolExecutor.java:1145)
	at java.util.concurrent.ThreadPoolExecutor$Worker.run(ThreadPoolExecutor.java:615)
	at java.lang.Thread.run(Thread.java:745)
2015-03-06 11:52:07,792 [http-bio-8080-exec-5] ERROR StackTrace  - Full Stack Trace:
org.codehaus.groovy.control.MultipleCompilationErrorsException: startup failed:
Users_ravila_mercadolibre_CumpleEmpleados_grails_app_views_empleado_buscar_gsp: 70: expecting '}', found ',' @ line 70, column 142.
    it) { return empleadoInstance,id }],3)
                                 ^

1 error

	at org.codehaus.groovy.control.ErrorCollector.failIfErrors(ErrorCollector.java:309)
	at org.codehaus.groovy.control.ErrorCollector.addFatalError(ErrorCollector.java:149)
	at org.codehaus.groovy.control.ErrorCollector.addError(ErrorCollector.java:119)
	at org.codehaus.groovy.control.ErrorCollector.addError(ErrorCollector.java:131)
	at org.codehaus.groovy.control.SourceUnit.addError(SourceUnit.java:359)
	at org.codehaus.groovy.antlr.AntlrParserPlugin.transformCSTIntoAST(AntlrParserPlugin.java:142)
	at org.codehaus.groovy.antlr.AntlrParserPlugin.parseCST(AntlrParserPlugin.java:108)
	at org.codehaus.groovy.control.SourceUnit.parse(SourceUnit.java:236)
	at org.codehaus.groovy.control.CompilationUnit$1.call(CompilationUnit.java:162)
	at org.codehaus.groovy.control.CompilationUnit.applyToSourceUnits(CompilationUnit.java:903)
	at org.codehaus.groovy.control.CompilationUnit.doPhaseOperation(CompilationUnit.java:566)
	at org.codehaus.groovy.control.CompilationUnit.processPhaseOperations(CompilationUnit.java:542)
	at org.codehaus.groovy.control.CompilationUnit.compile(CompilationUnit.java:519)
	at grails.plugin.cache.web.filter.PageFragmentCachingFilter.doFilter(PageFragmentCachingFilter.java:200)
	at grails.plugin.cache.web.filter.AbstractFilter.doFilter(AbstractFilter.java:63)
	at java.util.concurrent.ThreadPoolExecutor.runWorker(ThreadPoolExecutor.java:1145)
	at java.util.concurrent.ThreadPoolExecutor$Worker.run(ThreadPoolExecutor.java:615)
	at java.lang.Thread.run(Thread.java:745)
2015-03-06 11:52:07,816 [http-bio-8080-exec-5] ERROR StackTrace  - Full Stack Trace:
org.codehaus.groovy.grails.web.pages.exceptions.GroovyPagesException: Could not parse script [/grails-app/views/empleado/buscar.gsp]: startup failed:
Users_ravila_mercadolibre_CumpleEmpleados_grails_app_views_empleado_buscar_gsp: 70: expecting '}', found ',' @ line 70, column 142.
    it) { return empleadoInstance,id }],3)
                                 ^

1 error

	at org.codehaus.groovy.grails.web.pages.GroovyPagesTemplateEngine.compileGroovyPage(GroovyPagesTemplateEngine.java:646)
	at org.codehaus.groovy.grails.web.pages.GroovyPagesTemplateEngine.buildPageMetaInfo(GroovyPagesTemplateEngine.java:582)
	at org.codehaus.groovy.grails.web.pages.GroovyPagesTemplateEngine.createTemplate(GroovyPagesTemplateEngine.java:469)
	at org.codehaus.groovy.grails.web.pages.GroovyPagesTemplateEngine.createTemplateWithResource(GroovyPagesTemplateEngine.java:451)
	at org.codehaus.groovy.grails.web.pages.GroovyPagesTemplateEngine.createTemplate(GroovyPagesTemplateEngine.java:257)
	at org.codehaus.groovy.grails.web.pages.GroovyPagesTemplateEngine.createTemplate(GroovyPagesTemplateEngine.java:346)
	at org.codehaus.groovy.grails.web.servlet.view.GroovyPageView.initTemplate(GroovyPageView.java:249)
	at org.codehaus.groovy.grails.web.servlet.view.GroovyPageView.afterPropertiesSet(GroovyPageView.java:239)
	at org.codehaus.groovy.grails.web.servlet.view.GrailsViewResolver.createGroovyPageView(GrailsViewResolver.java:177)
	at org.codehaus.groovy.grails.web.servlet.view.GrailsViewResolver.createGrailsView(GrailsViewResolver.java:160)
	at org.codehaus.groovy.grails.web.servlet.view.GrailsViewResolver.loadView(GrailsViewResolver.java:85)
	at org.codehaus.groovy.grails.scaffolding.view.ScaffoldingViewResolver.loadView(ScaffoldingViewResolver.java:59)
	at org.springframework.web.servlet.view.AbstractCachingViewResolver.createView(AbstractCachingViewResolver.java:211)
	at org.springframework.web.servlet.view.UrlBasedViewResolver.createView(UrlBasedViewResolver.java:401)
	at org.springframework.web.servlet.view.AbstractCachingViewResolver.resolveViewName(AbstractCachingViewResolver.java:120)
	at org.springframework.web.servlet.DispatcherServlet.resolveViewName(DispatcherServlet.java:1211)
	at org.springframework.web.servlet.DispatcherServlet.render(DispatcherServlet.java:1160)
	at org.codehaus.groovy.grails.web.servlet.GrailsDispatcherServlet.doDispatch(GrailsDispatcherServlet.java:369)
	at org.springframework.web.servlet.DispatcherServlet.doService(DispatcherServlet.java:852)
	at org.springframework.web.servlet.FrameworkServlet.processRequest(FrameworkServlet.java:882)
	at org.springframework.web.servlet.FrameworkServlet.doGet(FrameworkServlet.java:778)
	at javax.servlet.http.HttpServlet.service(HttpServlet.java:621)
	at javax.servlet.http.HttpServlet.service(HttpServlet.java:728)
	at org.apache.catalina.core.ApplicationFilterChain.internalDoFilter(ApplicationFilterChain.java:305)
	at org.apache.catalina.core.ApplicationFilterChain.doFilter(ApplicationFilterChain.java:210)
	at grails.plugin.cache.web.filter.PageFragmentCachingFilter.doFilter(PageFragmentCachingFilter.java:200)
	at grails.plugin.cache.web.filter.simple.MemoryPageFragmentCachingFilter.doFilter(MemoryPageFragmentCachingFilter.java)
	at grails.plugin.cache.web.filter.AbstractFilter.doFilter(AbstractFilter.java:63)
	at org.springframework.web.filter.DelegatingFilterProxy.invokeDelegate(DelegatingFilterProxy.java:346)
	at org.springframework.web.filter.DelegatingFilterProxy.doFilter(DelegatingFilterProxy.java:259)
	at org.apache.catalina.core.ApplicationFilterChain.internalDoFilter(ApplicationFilterChain.java:243)
	at org.apache.catalina.core.ApplicationFilterChain.doFilter(ApplicationFilterChain.java:210)
	at org.springframework.web.filter.OncePerRequestFilter.doFilter(OncePerRequestFilter.java:70)
	at org.apache.catalina.core.ApplicationFilterChain.internalDoFilter(ApplicationFilterChain.java:243)
	at org.apache.catalina.core.ApplicationFilterChain.doFilter(ApplicationFilterChain.java:210)
	at org.springframework.web.filter.OncePerRequestFilter.doFilter(OncePerRequestFilter.java:70)
	at org.apache.catalina.core.ApplicationFilterChain.internalDoFilter(ApplicationFilterChain.java:243)
	at org.apache.catalina.core.ApplicationFilterChain.doFilter(ApplicationFilterChain.java:210)
	at org.springframework.web.filter.OncePerRequestFilter.doFilter(OncePerRequestFilter.java:70)
	at org.apache.catalina.core.ApplicationFilterChain.internalDoFilter(ApplicationFilterChain.java:243)
	at org.apache.catalina.core.ApplicationFilterChain.doFilter(ApplicationFilterChain.java:210)
	at org.apache.catalina.core.ApplicationDispatcher.invoke(ApplicationDispatcher.java:749)
	at org.apache.catalina.core.ApplicationDispatcher.processRequest(ApplicationDispatcher.java:487)
	at org.apache.catalina.core.ApplicationDispatcher.doForward(ApplicationDispatcher.java:412)
	at org.apache.catalina.core.ApplicationDispatcher.forward(ApplicationDispatcher.java:339)
	at org.codehaus.groovy.grails.web.util.WebUtils.forwardRequestForUrlMappingInfo(WebUtils.java:318)
	at org.codehaus.groovy.grails.web.util.WebUtils.forwardRequestForUrlMappingInfo(WebUtils.java:283)
	at org.codehaus.groovy.grails.web.util.WebUtils.forwardRequestForUrlMappingInfo(WebUtils.java:274)
	at org.codehaus.groovy.grails.web.mapping.filter.UrlMappingsFilter.doFilterInternal(UrlMappingsFilter.java:203)
	at org.springframework.web.filter.OncePerRequestFilter.doFilter(OncePerRequestFilter.java:76)
	at org.apache.catalina.core.ApplicationFilterChain.internalDoFilter(ApplicationFilterChain.java:243)
	at org.apache.catalina.core.ApplicationFilterChain.doFilter(ApplicationFilterChain.java:210)
	at org.codehaus.groovy.grails.web.sitemesh.GrailsPageFilter.obtainContent(GrailsPageFilter.java:206)
	at org.codehaus.groovy.grails.web.sitemesh.GrailsPageFilter.doFilter(GrailsPageFilter.java:152)
	at org.apache.catalina.core.ApplicationFilterChain.internalDoFilter(ApplicationFilterChain.java:243)
	at org.apache.catalina.core.ApplicationFilterChain.doFilter(ApplicationFilterChain.java:210)
	at javax.servlet.FilterChain$doFilter.call(Unknown Source)
	at org.grails.plugin.resource.DevModeSanityFilter.doFilter(DevModeSanityFilter.groovy:45)
	at org.apache.catalina.core.ApplicationFilterChain.internalDoFilter(ApplicationFilterChain.java:243)
	at org.apache.catalina.core.ApplicationFilterChain.doFilter(ApplicationFilterChain.java:210)
	at org.codehaus.groovy.grails.web.servlet.mvc.GrailsWebRequestFilter.doFilterInternal(GrailsWebRequestFilter.java:69)
	at org.springframework.web.filter.OncePerRequestFilter.doFilter(OncePerRequestFilter.java:76)
	at org.apache.catalina.core.ApplicationFilterChain.internalDoFilter(ApplicationFilterChain.java:243)
	at org.apache.catalina.core.ApplicationFilterChain.doFilter(ApplicationFilterChain.java:210)
	at org.codehaus.groovy.grails.web.filters.HiddenHttpMethodFilter.doFilterInternal(HiddenHttpMethodFilter.java:66)
	at org.springframework.web.filter.OncePerRequestFilter.doFilter(OncePerRequestFilter.java:76)
	at org.apache.catalina.core.ApplicationFilterChain.internalDoFilter(ApplicationFilterChain.java:243)
	at org.apache.catalina.core.ApplicationFilterChain.doFilter(ApplicationFilterChain.java:210)
	at org.springframework.web.filter.CharacterEncodingFilter.doFilterInternal(CharacterEncodingFilter.java:88)
	at org.springframework.web.filter.OncePerRequestFilter.doFilter(OncePerRequestFilter.java:76)
	at org.springframework.web.filter.DelegatingFilterProxy.invokeDelegate(DelegatingFilterProxy.java:346)
	at org.springframework.web.filter.DelegatingFilterProxy.doFilter(DelegatingFilterProxy.java:259)
	at org.apache.catalina.core.ApplicationFilterChain.internalDoFilter(ApplicationFilterChain.java:243)
	at org.apache.catalina.core.ApplicationFilterChain.doFilter(ApplicationFilterChain.java:210)
	at org.apache.catalina.core.StandardWrapperValve.invoke(StandardWrapperValve.java:222)
	at org.apache.catalina.core.StandardContextValve.invoke(StandardContextValve.java:123)
	at org.apache.catalina.core.StandardHostValve.invoke(StandardHostValve.java:171)
	at org.apache.catalina.valves.ErrorReportValve.invoke(ErrorReportValve.java:99)
	at org.apache.catalina.core.StandardEngineValve.invoke(StandardEngineValve.java:118)
	at org.apache.catalina.connector.CoyoteAdapter.service(CoyoteAdapter.java:408)
	at org.apache.coyote.http11.AbstractHttp11Processor.process(AbstractHttp11Processor.java:1023)
	at org.apache.coyote.AbstractProtocol$AbstractConnectionHandler.process(AbstractProtocol.java:589)
	at org.apache.tomcat.util.net.JIoEndpoint$SocketProcessor.run(JIoEndpoint.java:312)
	at java.util.concurrent.ThreadPoolExecutor.runWorker(ThreadPoolExecutor.java:1145)
	at java.util.concurrent.ThreadPoolExecutor$Worker.run(ThreadPoolExecutor.java:615)
	at java.lang.Thread.run(Thread.java:745)
Caused by: org.codehaus.groovy.control.MultipleCompilationErrorsException: startup failed:
Users_ravila_mercadolibre_CumpleEmpleados_grails_app_views_empleado_buscar_gsp: 70: expecting '}', found ',' @ line 70, column 142.
    it) { return empleadoInstance,id }],3)
                                 ^

1 error

	at org.codehaus.groovy.control.ErrorCollector.failIfErrors(ErrorCollector.java:309)
	at org.codehaus.groovy.control.ErrorCollector.addFatalError(ErrorCollector.java:149)
	at org.codehaus.groovy.control.ErrorCollector.addError(ErrorCollector.java:119)
	at org.codehaus.groovy.control.ErrorCollector.addError(ErrorCollector.java:131)
	at org.codehaus.groovy.control.SourceUnit.addError(SourceUnit.java:359)
	at org.codehaus.groovy.antlr.AntlrParserPlugin.transformCSTIntoAST(AntlrParserPlugin.java:142)
	at org.codehaus.groovy.antlr.AntlrParserPlugin.parseCST(AntlrParserPlugin.java:108)
	at org.codehaus.groovy.control.SourceUnit.parse(SourceUnit.java:236)
	at org.codehaus.groovy.control.CompilationUnit$1.call(CompilationUnit.java:162)
	at org.codehaus.groovy.control.CompilationUnit.applyToSourceUnits(CompilationUnit.java:903)
	at org.codehaus.groovy.control.CompilationUnit.doPhaseOperation(CompilationUnit.java:566)
	at org.codehaus.groovy.control.CompilationUnit.processPhaseOperations(CompilationUnit.java:542)
	at org.codehaus.groovy.control.CompilationUnit.compile(CompilationUnit.java:519)
	at grails.plugin.cache.web.filter.PageFragmentCachingFilter.doFilter(PageFragmentCachingFilter.java:200)
	at grails.plugin.cache.web.filter.AbstractFilter.doFilter(AbstractFilter.java:63)
	... 3 more
2015-03-06 11:52:07,816 [http-bio-8080-exec-5] ERROR StackTrace  - Full Stack Trace:
org.codehaus.groovy.control.MultipleCompilationErrorsException: startup failed:
Users_ravila_mercadolibre_CumpleEmpleados_grails_app_views_empleado_buscar_gsp: 70: expecting '}', found ',' @ line 70, column 142.
    it) { return empleadoInstance,id }],3)
                                 ^

1 error

	at org.codehaus.groovy.control.ErrorCollector.failIfErrors(ErrorCollector.java:309)
	at org.codehaus.groovy.control.ErrorCollector.addFatalError(ErrorCollector.java:149)
	at org.codehaus.groovy.control.ErrorCollector.addError(ErrorCollector.java:119)
	at org.codehaus.groovy.control.ErrorCollector.addError(ErrorCollector.java:131)
	at org.codehaus.groovy.control.SourceUnit.addError(SourceUnit.java:359)
	at org.codehaus.groovy.antlr.AntlrParserPlugin.transformCSTIntoAST(AntlrParserPlugin.java:142)
	at org.codehaus.groovy.antlr.AntlrParserPlugin.parseCST(AntlrParserPlugin.java:108)
	at org.codehaus.groovy.control.SourceUnit.parse(SourceUnit.java:236)
	at org.codehaus.groovy.control.CompilationUnit$1.call(CompilationUnit.java:162)
	at org.codehaus.groovy.control.CompilationUnit.applyToSourceUnits(CompilationUnit.java:903)
	at org.codehaus.groovy.control.CompilationUnit.doPhaseOperation(CompilationUnit.java:566)
	at org.codehaus.groovy.control.CompilationUnit.processPhaseOperations(CompilationUnit.java:542)
	at org.codehaus.groovy.control.CompilationUnit.compile(CompilationUnit.java:519)
	at grails.plugin.cache.web.filter.PageFragmentCachingFilter.doFilter(PageFragmentCachingFilter.java:200)
	at grails.plugin.cache.web.filter.AbstractFilter.doFilter(AbstractFilter.java:63)
	at java.util.concurrent.ThreadPoolExecutor.runWorker(ThreadPoolExecutor.java:1145)
	at java.util.concurrent.ThreadPoolExecutor$Worker.run(ThreadPoolExecutor.java:615)
	at java.lang.Thread.run(Thread.java:745)
2015-03-06 11:52:07,817 [http-bio-8080-exec-5] ERROR StackTrace  - Full Stack Trace:
org.codehaus.groovy.grails.web.pages.exceptions.GroovyPagesException: Could not parse script [/grails-app/views/empleado/buscar.gsp]: startup failed:
Users_ravila_mercadolibre_CumpleEmpleados_grails_app_views_empleado_buscar_gsp: 70: expecting '}', found ',' @ line 70, column 142.
    it) { return empleadoInstance,id }],3)
                                 ^

1 error

	at grails.plugin.cache.web.filter.PageFragmentCachingFilter.doFilter(PageFragmentCachingFilter.java:200)
	at grails.plugin.cache.web.filter.AbstractFilter.doFilter(AbstractFilter.java:63)
	at java.util.concurrent.ThreadPoolExecutor.runWorker(ThreadPoolExecutor.java:1145)
	at java.util.concurrent.ThreadPoolExecutor$Worker.run(ThreadPoolExecutor.java:615)
	at java.lang.Thread.run(Thread.java:745)
Caused by: org.codehaus.groovy.control.MultipleCompilationErrorsException: startup failed:
Users_ravila_mercadolibre_CumpleEmpleados_grails_app_views_empleado_buscar_gsp: 70: expecting '}', found ',' @ line 70, column 142.
    it) { return empleadoInstance,id }],3)
                                 ^

1 error

	at org.codehaus.groovy.control.ErrorCollector.failIfErrors(ErrorCollector.java:309)
	at org.codehaus.groovy.control.ErrorCollector.addFatalError(ErrorCollector.java:149)
	at org.codehaus.groovy.control.ErrorCollector.addError(ErrorCollector.java:119)
	at org.codehaus.groovy.control.ErrorCollector.addError(ErrorCollector.java:131)
	at org.codehaus.groovy.control.SourceUnit.addError(SourceUnit.java:359)
	at org.codehaus.groovy.antlr.AntlrParserPlugin.transformCSTIntoAST(AntlrParserPlugin.java:142)
	at org.codehaus.groovy.antlr.AntlrParserPlugin.parseCST(AntlrParserPlugin.java:108)
	at org.codehaus.groovy.control.SourceUnit.parse(SourceUnit.java:236)
	at org.codehaus.groovy.control.CompilationUnit$1.call(CompilationUnit.java:162)
	at org.codehaus.groovy.control.CompilationUnit.applyToSourceUnits(CompilationUnit.java:903)
	at org.codehaus.groovy.control.CompilationUnit.doPhaseOperation(CompilationUnit.java:566)
	at org.codehaus.groovy.control.CompilationUnit.processPhaseOperations(CompilationUnit.java:542)
	at org.codehaus.groovy.control.CompilationUnit.compile(CompilationUnit.java:519)
	... 5 more
2015-03-06 11:52:07,821 [http-bio-8080-exec-5] ERROR StackTrace  - Full Stack Trace:
org.codehaus.groovy.grails.web.pages.exceptions.GroovyPagesException: Could not parse script [/grails-app/views/empleado/buscar.gsp]: startup failed:
Users_ravila_mercadolibre_CumpleEmpleados_grails_app_views_empleado_buscar_gsp: 70: expecting '}', found ',' @ line 70, column 142.
    it) { return empleadoInstance,id }],3)
                                 ^

1 error

	at grails.plugin.cache.web.filter.PageFragmentCachingFilter.doFilter(PageFragmentCachingFilter.java:200)
	at grails.plugin.cache.web.filter.AbstractFilter.doFilter(AbstractFilter.java:63)
	at java.util.concurrent.ThreadPoolExecutor.runWorker(ThreadPoolExecutor.java:1145)
	at java.util.concurrent.ThreadPoolExecutor$Worker.run(ThreadPoolExecutor.java:615)
	at java.lang.Thread.run(Thread.java:745)
Caused by: org.codehaus.groovy.control.MultipleCompilationErrorsException: startup failed:
Users_ravila_mercadolibre_CumpleEmpleados_grails_app_views_empleado_buscar_gsp: 70: expecting '}', found ',' @ line 70, column 142.
    it) { return empleadoInstance,id }],3)
                                 ^

1 error

	at org.codehaus.groovy.control.ErrorCollector.failIfErrors(ErrorCollector.java:309)
	at org.codehaus.groovy.control.ErrorCollector.addFatalError(ErrorCollector.java:149)
	at org.codehaus.groovy.control.ErrorCollector.addError(ErrorCollector.java:119)
	at org.codehaus.groovy.control.ErrorCollector.addError(ErrorCollector.java:131)
	at org.codehaus.groovy.control.SourceUnit.addError(SourceUnit.java:359)
	at org.codehaus.groovy.antlr.AntlrParserPlugin.transformCSTIntoAST(AntlrParserPlugin.java:142)
	at org.codehaus.groovy.antlr.AntlrParserPlugin.parseCST(AntlrParserPlugin.java:108)
	at org.codehaus.groovy.control.SourceUnit.parse(SourceUnit.java:236)
	at org.codehaus.groovy.control.CompilationUnit$1.call(CompilationUnit.java:162)
	at org.codehaus.groovy.control.CompilationUnit.applyToSourceUnits(CompilationUnit.java:903)
	at org.codehaus.groovy.control.CompilationUnit.doPhaseOperation(CompilationUnit.java:566)
	at org.codehaus.groovy.control.CompilationUnit.processPhaseOperations(CompilationUnit.java:542)
	at org.codehaus.groovy.control.CompilationUnit.compile(CompilationUnit.java:519)
	... 5 more
2015-03-06 11:52:07,821 [http-bio-8080-exec-5] ERROR StackTrace  - Full Stack Trace:
org.codehaus.groovy.control.MultipleCompilationErrorsException: startup failed:
Users_ravila_mercadolibre_CumpleEmpleados_grails_app_views_empleado_buscar_gsp: 70: expecting '}', found ',' @ line 70, column 142.
    it) { return empleadoInstance,id }],3)
                                 ^

1 error

	at org.codehaus.groovy.control.ErrorCollector.failIfErrors(ErrorCollector.java:309)
	at org.codehaus.groovy.control.ErrorCollector.addFatalError(ErrorCollector.java:149)
	at org.codehaus.groovy.control.ErrorCollector.addError(ErrorCollector.java:119)
	at org.codehaus.groovy.control.ErrorCollector.addError(ErrorCollector.java:131)
	at org.codehaus.groovy.control.SourceUnit.addError(SourceUnit.java:359)
	at org.codehaus.groovy.antlr.AntlrParserPlugin.transformCSTIntoAST(AntlrParserPlugin.java:142)
	at org.codehaus.groovy.antlr.AntlrParserPlugin.parseCST(AntlrParserPlugin.java:108)
	at org.codehaus.groovy.control.SourceUnit.parse(SourceUnit.java:236)
	at org.codehaus.groovy.control.CompilationUnit$1.call(CompilationUnit.java:162)
	at org.codehaus.groovy.control.CompilationUnit.applyToSourceUnits(CompilationUnit.java:903)
	at org.codehaus.groovy.control.CompilationUnit.doPhaseOperation(CompilationUnit.java:566)
	at org.codehaus.groovy.control.CompilationUnit.processPhaseOperations(CompilationUnit.java:542)
	at org.codehaus.groovy.control.CompilationUnit.compile(CompilationUnit.java:519)
	at grails.plugin.cache.web.filter.PageFragmentCachingFilter.doFilter(PageFragmentCachingFilter.java:200)
	at grails.plugin.cache.web.filter.AbstractFilter.doFilter(AbstractFilter.java:63)
	at java.util.concurrent.ThreadPoolExecutor.runWorker(ThreadPoolExecutor.java:1145)
	at java.util.concurrent.ThreadPoolExecutor$Worker.run(ThreadPoolExecutor.java:615)
	at java.lang.Thread.run(Thread.java:745)
2015-03-06 11:52:07,822 [http-bio-8080-exec-5] ERROR StackTrace  - Full Stack Trace:
org.codehaus.groovy.grails.web.pages.exceptions.GroovyPagesException: Could not parse script [/grails-app/views/empleado/buscar.gsp]: startup failed:
Users_ravila_mercadolibre_CumpleEmpleados_grails_app_views_empleado_buscar_gsp: 70: expecting '}', found ',' @ line 70, column 142.
    it) { return empleadoInstance,id }],3)
                                 ^

1 error

	at grails.plugin.cache.web.filter.PageFragmentCachingFilter.doFilter(PageFragmentCachingFilter.java:200)
	at grails.plugin.cache.web.filter.AbstractFilter.doFilter(AbstractFilter.java:63)
	at java.util.concurrent.ThreadPoolExecutor.runWorker(ThreadPoolExecutor.java:1145)
	at java.util.concurrent.ThreadPoolExecutor$Worker.run(ThreadPoolExecutor.java:615)
	at java.lang.Thread.run(Thread.java:745)
Caused by: org.codehaus.groovy.control.MultipleCompilationErrorsException: startup failed:
Users_ravila_mercadolibre_CumpleEmpleados_grails_app_views_empleado_buscar_gsp: 70: expecting '}', found ',' @ line 70, column 142.
    it) { return empleadoInstance,id }],3)
                                 ^

1 error

	at org.codehaus.groovy.control.ErrorCollector.failIfErrors(ErrorCollector.java:309)
	at org.codehaus.groovy.control.ErrorCollector.addFatalError(ErrorCollector.java:149)
	at org.codehaus.groovy.control.ErrorCollector.addError(ErrorCollector.java:119)
	at org.codehaus.groovy.control.ErrorCollector.addError(ErrorCollector.java:131)
	at org.codehaus.groovy.control.SourceUnit.addError(SourceUnit.java:359)
	at org.codehaus.groovy.antlr.AntlrParserPlugin.transformCSTIntoAST(AntlrParserPlugin.java:142)
	at org.codehaus.groovy.antlr.AntlrParserPlugin.parseCST(AntlrParserPlugin.java:108)
	at org.codehaus.groovy.control.SourceUnit.parse(SourceUnit.java:236)
	at org.codehaus.groovy.control.CompilationUnit$1.call(CompilationUnit.java:162)
	at org.codehaus.groovy.control.CompilationUnit.applyToSourceUnits(CompilationUnit.java:903)
	at org.codehaus.groovy.control.CompilationUnit.doPhaseOperation(CompilationUnit.java:566)
	at org.codehaus.groovy.control.CompilationUnit.processPhaseOperations(CompilationUnit.java:542)
	at org.codehaus.groovy.control.CompilationUnit.compile(CompilationUnit.java:519)
	... 5 more
2015-03-06 11:52:07,822 [http-bio-8080-exec-5] ERROR StackTrace  - Full Stack Trace:
org.codehaus.groovy.grails.web.pages.exceptions.GroovyPagesException: Could not parse script [/grails-app/views/empleado/buscar.gsp]: startup failed:
Users_ravila_mercadolibre_CumpleEmpleados_grails_app_views_empleado_buscar_gsp: 70: expecting '}', found ',' @ line 70, column 142.
    it) { return empleadoInstance,id }],3)
                                 ^

1 error

	at grails.plugin.cache.web.filter.PageFragmentCachingFilter.doFilter(PageFragmentCachingFilter.java:200)
	at grails.plugin.cache.web.filter.AbstractFilter.doFilter(AbstractFilter.java:63)
	at java.util.concurrent.ThreadPoolExecutor.runWorker(ThreadPoolExecutor.java:1145)
	at java.util.concurrent.ThreadPoolExecutor$Worker.run(ThreadPoolExecutor.java:615)
	at java.lang.Thread.run(Thread.java:745)
Caused by: org.codehaus.groovy.control.MultipleCompilationErrorsException: startup failed:
Users_ravila_mercadolibre_CumpleEmpleados_grails_app_views_empleado_buscar_gsp: 70: expecting '}', found ',' @ line 70, column 142.
    it) { return empleadoInstance,id }],3)
                                 ^

1 error

	at org.codehaus.groovy.control.ErrorCollector.failIfErrors(ErrorCollector.java:309)
	at org.codehaus.groovy.control.ErrorCollector.addFatalError(ErrorCollector.java:149)
	at org.codehaus.groovy.control.ErrorCollector.addError(ErrorCollector.java:119)
	at org.codehaus.groovy.control.ErrorCollector.addError(ErrorCollector.java:131)
	at org.codehaus.groovy.control.SourceUnit.addError(SourceUnit.java:359)
	at org.codehaus.groovy.antlr.AntlrParserPlugin.transformCSTIntoAST(AntlrParserPlugin.java:142)
	at org.codehaus.groovy.antlr.AntlrParserPlugin.parseCST(AntlrParserPlugin.java:108)
	at org.codehaus.groovy.control.SourceUnit.parse(SourceUnit.java:236)
	at org.codehaus.groovy.control.CompilationUnit$1.call(CompilationUnit.java:162)
	at org.codehaus.groovy.control.CompilationUnit.applyToSourceUnits(CompilationUnit.java:903)
	at org.codehaus.groovy.control.CompilationUnit.doPhaseOperation(CompilationUnit.java:566)
	at org.codehaus.groovy.control.CompilationUnit.processPhaseOperations(CompilationUnit.java:542)
	at org.codehaus.groovy.control.CompilationUnit.compile(CompilationUnit.java:519)
	... 5 more
2015-03-06 11:52:07,822 [http-bio-8080-exec-5] ERROR StackTrace  - Full Stack Trace:
org.codehaus.groovy.control.MultipleCompilationErrorsException: startup failed:
Users_ravila_mercadolibre_CumpleEmpleados_grails_app_views_empleado_buscar_gsp: 70: expecting '}', found ',' @ line 70, column 142.
    it) { return empleadoInstance,id }],3)
                                 ^

1 error

	at org.codehaus.groovy.control.ErrorCollector.failIfErrors(ErrorCollector.java:309)
	at org.codehaus.groovy.control.ErrorCollector.addFatalError(ErrorCollector.java:149)
	at org.codehaus.groovy.control.ErrorCollector.addError(ErrorCollector.java:119)
	at org.codehaus.groovy.control.ErrorCollector.addError(ErrorCollector.java:131)
	at org.codehaus.groovy.control.SourceUnit.addError(SourceUnit.java:359)
	at org.codehaus.groovy.antlr.AntlrParserPlugin.transformCSTIntoAST(AntlrParserPlugin.java:142)
	at org.codehaus.groovy.antlr.AntlrParserPlugin.parseCST(AntlrParserPlugin.java:108)
	at org.codehaus.groovy.control.SourceUnit.parse(SourceUnit.java:236)
	at org.codehaus.groovy.control.CompilationUnit$1.call(CompilationUnit.java:162)
	at org.codehaus.groovy.control.CompilationUnit.applyToSourceUnits(CompilationUnit.java:903)
	at org.codehaus.groovy.control.CompilationUnit.doPhaseOperation(CompilationUnit.java:566)
	at org.codehaus.groovy.control.CompilationUnit.processPhaseOperations(CompilationUnit.java:542)
	at org.codehaus.groovy.control.CompilationUnit.compile(CompilationUnit.java:519)
	at grails.plugin.cache.web.filter.PageFragmentCachingFilter.doFilter(PageFragmentCachingFilter.java:200)
	at grails.plugin.cache.web.filter.AbstractFilter.doFilter(AbstractFilter.java:63)
	at java.util.concurrent.ThreadPoolExecutor.runWorker(ThreadPoolExecutor.java:1145)
	at java.util.concurrent.ThreadPoolExecutor$Worker.run(ThreadPoolExecutor.java:615)
	at java.lang.Thread.run(Thread.java:745)
2015-03-06 11:52:07,822 [http-bio-8080-exec-5] ERROR StackTrace  - Full Stack Trace:
org.codehaus.groovy.grails.web.pages.exceptions.GroovyPagesException: Could not parse script [/grails-app/views/empleado/buscar.gsp]: startup failed:
Users_ravila_mercadolibre_CumpleEmpleados_grails_app_views_empleado_buscar_gsp: 70: expecting '}', found ',' @ line 70, column 142.
    it) { return empleadoInstance,id }],3)
                                 ^

1 error

	at grails.plugin.cache.web.filter.PageFragmentCachingFilter.doFilter(PageFragmentCachingFilter.java:200)
	at grails.plugin.cache.web.filter.AbstractFilter.doFilter(AbstractFilter.java:63)
	at java.util.concurrent.ThreadPoolExecutor.runWorker(ThreadPoolExecutor.java:1145)
	at java.util.concurrent.ThreadPoolExecutor$Worker.run(ThreadPoolExecutor.java:615)
	at java.lang.Thread.run(Thread.java:745)
Caused by: org.codehaus.groovy.control.MultipleCompilationErrorsException: startup failed:
Users_ravila_mercadolibre_CumpleEmpleados_grails_app_views_empleado_buscar_gsp: 70: expecting '}', found ',' @ line 70, column 142.
    it) { return empleadoInstance,id }],3)
                                 ^

1 error

	at org.codehaus.groovy.control.ErrorCollector.failIfErrors(ErrorCollector.java:309)
	at org.codehaus.groovy.control.ErrorCollector.addFatalError(ErrorCollector.java:149)
	at org.codehaus.groovy.control.ErrorCollector.addError(ErrorCollector.java:119)
	at org.codehaus.groovy.control.ErrorCollector.addError(ErrorCollector.java:131)
	at org.codehaus.groovy.control.SourceUnit.addError(SourceUnit.java:359)
	at org.codehaus.groovy.antlr.AntlrParserPlugin.transformCSTIntoAST(AntlrParserPlugin.java:142)
	at org.codehaus.groovy.antlr.AntlrParserPlugin.parseCST(AntlrParserPlugin.java:108)
	at org.codehaus.groovy.control.SourceUnit.parse(SourceUnit.java:236)
	at org.codehaus.groovy.control.CompilationUnit$1.call(CompilationUnit.java:162)
	at org.codehaus.groovy.control.CompilationUnit.applyToSourceUnits(CompilationUnit.java:903)
	at org.codehaus.groovy.control.CompilationUnit.doPhaseOperation(CompilationUnit.java:566)
	at org.codehaus.groovy.control.CompilationUnit.processPhaseOperations(CompilationUnit.java:542)
	at org.codehaus.groovy.control.CompilationUnit.compile(CompilationUnit.java:519)
	... 5 more
2015-03-06 11:52:56,487 [http-bio-8080-exec-10] ERROR StackTrace  - Full Stack Trace:
org.codehaus.groovy.control.MultipleCompilationErrorsException: startup failed:
Users_ravila_mercadolibre_CumpleEmpleados_grails_app_views_empleado_buscar_gsp: 70: expecting '}', found ',' @ line 70, column 150.
    it) { return empleadoInstance,id }],3)
                                 ^

1 error

	at org.codehaus.groovy.control.ErrorCollector.failIfErrors(ErrorCollector.java:309)
	at org.codehaus.groovy.control.ErrorCollector.addFatalError(ErrorCollector.java:149)
	at org.codehaus.groovy.control.ErrorCollector.addError(ErrorCollector.java:119)
	at org.codehaus.groovy.control.ErrorCollector.addError(ErrorCollector.java:131)
	at org.codehaus.groovy.control.SourceUnit.addError(SourceUnit.java:359)
	at org.codehaus.groovy.antlr.AntlrParserPlugin.transformCSTIntoAST(AntlrParserPlugin.java:142)
	at org.codehaus.groovy.antlr.AntlrParserPlugin.parseCST(AntlrParserPlugin.java:108)
	at org.codehaus.groovy.control.SourceUnit.parse(SourceUnit.java:236)
	at org.codehaus.groovy.control.CompilationUnit$1.call(CompilationUnit.java:162)
	at org.codehaus.groovy.control.CompilationUnit.applyToSourceUnits(CompilationUnit.java:903)
	at org.codehaus.groovy.control.CompilationUnit.doPhaseOperation(CompilationUnit.java:566)
	at org.codehaus.groovy.control.CompilationUnit.processPhaseOperations(CompilationUnit.java:542)
	at org.codehaus.groovy.control.CompilationUnit.compile(CompilationUnit.java:519)
	at groovy.lang.GroovyClassLoader.doParseClass(GroovyClassLoader.java:279)
	at groovy.lang.GroovyClassLoader.parseClass(GroovyClassLoader.java:258)
	at groovy.lang.GroovyClassLoader.parseClass(GroovyClassLoader.java:244)
	at groovy.lang.GroovyClassLoader.parseClass(GroovyClassLoader.java:202)
	at org.codehaus.groovy.grails.web.pages.GroovyPagesTemplateEngine.compileGroovyPage(GroovyPagesTemplateEngine.java:634)
	at org.codehaus.groovy.grails.web.pages.GroovyPagesTemplateEngine.buildPageMetaInfo(GroovyPagesTemplateEngine.java:582)
	at org.codehaus.groovy.grails.web.pages.GroovyPagesTemplateEngine.createTemplate(GroovyPagesTemplateEngine.java:469)
	at org.codehaus.groovy.grails.web.pages.GroovyPagesTemplateEngine.createTemplateWithResource(GroovyPagesTemplateEngine.java:451)
	at org.codehaus.groovy.grails.web.pages.GroovyPagesTemplateEngine.createTemplate(GroovyPagesTemplateEngine.java:257)
	at org.codehaus.groovy.grails.web.pages.GroovyPagesTemplateEngine.createTemplate(GroovyPagesTemplateEngine.java:346)
	at org.codehaus.groovy.grails.web.servlet.view.GroovyPageView.initTemplate(GroovyPageView.java:249)
	at org.codehaus.groovy.grails.web.servlet.view.GroovyPageView.afterPropertiesSet(GroovyPageView.java:239)
	at org.codehaus.groovy.grails.web.servlet.view.GrailsViewResolver.createGroovyPageView(GrailsViewResolver.java:177)
	at org.codehaus.groovy.grails.web.servlet.view.GrailsViewResolver.createGrailsView(GrailsViewResolver.java:160)
	at org.codehaus.groovy.grails.web.servlet.view.GrailsViewResolver.loadView(GrailsViewResolver.java:85)
	at org.codehaus.groovy.grails.scaffolding.view.ScaffoldingViewResolver.loadView(ScaffoldingViewResolver.java:59)
	at org.springframework.web.servlet.view.AbstractCachingViewResolver.createView(AbstractCachingViewResolver.java:211)
	at org.springframework.web.servlet.view.UrlBasedViewResolver.createView(UrlBasedViewResolver.java:401)
	at org.springframework.web.servlet.view.AbstractCachingViewResolver.resolveViewName(AbstractCachingViewResolver.java:120)
	at org.springframework.web.servlet.DispatcherServlet.resolveViewName(DispatcherServlet.java:1211)
	at org.springframework.web.servlet.DispatcherServlet.render(DispatcherServlet.java:1160)
	at org.codehaus.groovy.grails.web.servlet.GrailsDispatcherServlet.doDispatch(GrailsDispatcherServlet.java:369)
	at org.springframework.web.servlet.DispatcherServlet.doService(DispatcherServlet.java:852)
	at org.springframework.web.servlet.FrameworkServlet.processRequest(FrameworkServlet.java:882)
	at org.springframework.web.servlet.FrameworkServlet.doGet(FrameworkServlet.java:778)
	at javax.servlet.http.HttpServlet.service(HttpServlet.java:621)
	at javax.servlet.http.HttpServlet.service(HttpServlet.java:728)
	at org.apache.catalina.core.ApplicationFilterChain.internalDoFilter(ApplicationFilterChain.java:305)
	at org.apache.catalina.core.ApplicationFilterChain.doFilter(ApplicationFilterChain.java:210)
	at grails.plugin.cache.web.filter.PageFragmentCachingFilter.doFilter(PageFragmentCachingFilter.java:200)
	at grails.plugin.cache.web.filter.simple.MemoryPageFragmentCachingFilter.doFilter(MemoryPageFragmentCachingFilter.java)
	at grails.plugin.cache.web.filter.AbstractFilter.doFilter(AbstractFilter.java:63)
	at org.springframework.web.filter.DelegatingFilterProxy.invokeDelegate(DelegatingFilterProxy.java:346)
	at org.springframework.web.filter.DelegatingFilterProxy.doFilter(DelegatingFilterProxy.java:259)
	at org.apache.catalina.core.ApplicationFilterChain.internalDoFilter(ApplicationFilterChain.java:243)
	at org.apache.catalina.core.ApplicationFilterChain.doFilter(ApplicationFilterChain.java:210)
	at org.springframework.web.filter.OncePerRequestFilter.doFilter(OncePerRequestFilter.java:70)
	at org.apache.catalina.core.ApplicationFilterChain.internalDoFilter(ApplicationFilterChain.java:243)
	at org.apache.catalina.core.ApplicationFilterChain.doFilter(ApplicationFilterChain.java:210)
	at org.springframework.web.filter.OncePerRequestFilter.doFilter(OncePerRequestFilter.java:70)
	at org.apache.catalina.core.ApplicationFilterChain.internalDoFilter(ApplicationFilterChain.java:243)
	at org.apache.catalina.core.ApplicationFilterChain.doFilter(ApplicationFilterChain.java:210)
	at org.springframework.web.filter.OncePerRequestFilter.doFilter(OncePerRequestFilter.java:70)
	at org.apache.catalina.core.ApplicationFilterChain.internalDoFilter(ApplicationFilterChain.java:243)
	at org.apache.catalina.core.ApplicationFilterChain.doFilter(ApplicationFilterChain.java:210)
	at org.apache.catalina.core.ApplicationDispatcher.invoke(ApplicationDispatcher.java:749)
	at org.apache.catalina.core.ApplicationDispatcher.processRequest(ApplicationDispatcher.java:487)
	at org.apache.catalina.core.ApplicationDispatcher.doForward(ApplicationDispatcher.java:412)
	at org.apache.catalina.core.ApplicationDispatcher.forward(ApplicationDispatcher.java:339)
	at org.codehaus.groovy.grails.web.util.WebUtils.forwardRequestForUrlMappingInfo(WebUtils.java:318)
	at org.codehaus.groovy.grails.web.util.WebUtils.forwardRequestForUrlMappingInfo(WebUtils.java:283)
	at org.codehaus.groovy.grails.web.util.WebUtils.forwardRequestForUrlMappingInfo(WebUtils.java:274)
	at org.codehaus.groovy.grails.web.mapping.filter.UrlMappingsFilter.doFilterInternal(UrlMappingsFilter.java:203)
	at org.springframework.web.filter.OncePerRequestFilter.doFilter(OncePerRequestFilter.java:76)
	at org.apache.catalina.core.ApplicationFilterChain.internalDoFilter(ApplicationFilterChain.java:243)
	at org.apache.catalina.core.ApplicationFilterChain.doFilter(ApplicationFilterChain.java:210)
	at org.codehaus.groovy.grails.web.sitemesh.GrailsPageFilter.obtainContent(GrailsPageFilter.java:206)
	at org.codehaus.groovy.grails.web.sitemesh.GrailsPageFilter.doFilter(GrailsPageFilter.java:152)
	at org.apache.catalina.core.ApplicationFilterChain.internalDoFilter(ApplicationFilterChain.java:243)
	at org.apache.catalina.core.ApplicationFilterChain.doFilter(ApplicationFilterChain.java:210)
	at javax.servlet.FilterChain$doFilter.call(Unknown Source)
	at org.grails.plugin.resource.DevModeSanityFilter.doFilter(DevModeSanityFilter.groovy:45)
	at org.apache.catalina.core.ApplicationFilterChain.internalDoFilter(ApplicationFilterChain.java:243)
	at org.apache.catalina.core.ApplicationFilterChain.doFilter(ApplicationFilterChain.java:210)
	at org.codehaus.groovy.grails.web.servlet.mvc.GrailsWebRequestFilter.doFilterInternal(GrailsWebRequestFilter.java:69)
	at org.springframework.web.filter.OncePerRequestFilter.doFilter(OncePerRequestFilter.java:76)
	at org.apache.catalina.core.ApplicationFilterChain.internalDoFilter(ApplicationFilterChain.java:243)
	at org.apache.catalina.core.ApplicationFilterChain.doFilter(ApplicationFilterChain.java:210)
	at org.codehaus.groovy.grails.web.filters.HiddenHttpMethodFilter.doFilterInternal(HiddenHttpMethodFilter.java:66)
	at org.springframework.web.filter.OncePerRequestFilter.doFilter(OncePerRequestFilter.java:76)
	at org.apache.catalina.core.ApplicationFilterChain.internalDoFilter(ApplicationFilterChain.java:243)
	at org.apache.catalina.core.ApplicationFilterChain.doFilter(ApplicationFilterChain.java:210)
	at org.springframework.web.filter.CharacterEncodingFilter.doFilterInternal(CharacterEncodingFilter.java:88)
	at org.springframework.web.filter.OncePerRequestFilter.doFilter(OncePerRequestFilter.java:76)
	at org.springframework.web.filter.DelegatingFilterProxy.invokeDelegate(DelegatingFilterProxy.java:346)
	at org.springframework.web.filter.DelegatingFilterProxy.doFilter(DelegatingFilterProxy.java:259)
	at org.apache.catalina.core.ApplicationFilterChain.internalDoFilter(ApplicationFilterChain.java:243)
	at org.apache.catalina.core.ApplicationFilterChain.doFilter(ApplicationFilterChain.java:210)
	at org.apache.catalina.core.StandardWrapperValve.invoke(StandardWrapperValve.java:222)
	at org.apache.catalina.core.StandardContextValve.invoke(StandardContextValve.java:123)
	at org.apache.catalina.core.StandardHostValve.invoke(StandardHostValve.java:171)
	at org.apache.catalina.valves.ErrorReportValve.invoke(ErrorReportValve.java:99)
	at org.apache.catalina.core.StandardEngineValve.invoke(StandardEngineValve.java:118)
	at org.apache.catalina.connector.CoyoteAdapter.service(CoyoteAdapter.java:408)
	at org.apache.coyote.http11.AbstractHttp11Processor.process(AbstractHttp11Processor.java:1023)
	at org.apache.coyote.AbstractProtocol$AbstractConnectionHandler.process(AbstractProtocol.java:589)
	at org.apache.tomcat.util.net.JIoEndpoint$SocketProcessor.run(JIoEndpoint.java:310)
	at java.util.concurrent.ThreadPoolExecutor.runWorker(ThreadPoolExecutor.java:1145)
	at java.util.concurrent.ThreadPoolExecutor$Worker.run(ThreadPoolExecutor.java:615)
	at java.lang.Thread.run(Thread.java:745)
2015-03-06 11:52:56,489 [http-bio-8080-exec-10] ERROR StackTrace  - Full Stack Trace:
org.codehaus.groovy.control.MultipleCompilationErrorsException: startup failed:
Users_ravila_mercadolibre_CumpleEmpleados_grails_app_views_empleado_buscar_gsp: 70: expecting '}', found ',' @ line 70, column 150.
    it) { return empleadoInstance,id }],3)
                                 ^

1 error

	at org.codehaus.groovy.control.ErrorCollector.failIfErrors(ErrorCollector.java:309)
	at org.codehaus.groovy.control.ErrorCollector.addFatalError(ErrorCollector.java:149)
	at org.codehaus.groovy.control.ErrorCollector.addError(ErrorCollector.java:119)
	at org.codehaus.groovy.control.ErrorCollector.addError(ErrorCollector.java:131)
	at org.codehaus.groovy.control.SourceUnit.addError(SourceUnit.java:359)
	at org.codehaus.groovy.antlr.AntlrParserPlugin.transformCSTIntoAST(AntlrParserPlugin.java:142)
	at org.codehaus.groovy.antlr.AntlrParserPlugin.parseCST(AntlrParserPlugin.java:108)
	at org.codehaus.groovy.control.SourceUnit.parse(SourceUnit.java:236)
	at org.codehaus.groovy.control.CompilationUnit$1.call(CompilationUnit.java:162)
	at org.codehaus.groovy.control.CompilationUnit.applyToSourceUnits(CompilationUnit.java:903)
	at org.codehaus.groovy.control.CompilationUnit.doPhaseOperation(CompilationUnit.java:566)
	at org.codehaus.groovy.control.CompilationUnit.processPhaseOperations(CompilationUnit.java:542)
	at org.codehaus.groovy.control.CompilationUnit.compile(CompilationUnit.java:519)
	at grails.plugin.cache.web.filter.PageFragmentCachingFilter.doFilter(PageFragmentCachingFilter.java:200)
	at grails.plugin.cache.web.filter.AbstractFilter.doFilter(AbstractFilter.java:63)
	at java.util.concurrent.ThreadPoolExecutor.runWorker(ThreadPoolExecutor.java:1145)
	at java.util.concurrent.ThreadPoolExecutor$Worker.run(ThreadPoolExecutor.java:615)
	at java.lang.Thread.run(Thread.java:745)
2015-03-06 11:52:56,489 [http-bio-8080-exec-10] ERROR StackTrace  - Full Stack Trace:
org.codehaus.groovy.control.MultipleCompilationErrorsException: startup failed:
Users_ravila_mercadolibre_CumpleEmpleados_grails_app_views_empleado_buscar_gsp: 70: expecting '}', found ',' @ line 70, column 150.
    it) { return empleadoInstance,id }],3)
                                 ^

1 error

	at org.codehaus.groovy.control.ErrorCollector.failIfErrors(ErrorCollector.java:309)
	at org.codehaus.groovy.control.ErrorCollector.addFatalError(ErrorCollector.java:149)
	at org.codehaus.groovy.control.ErrorCollector.addError(ErrorCollector.java:119)
	at org.codehaus.groovy.control.ErrorCollector.addError(ErrorCollector.java:131)
	at org.codehaus.groovy.control.SourceUnit.addError(SourceUnit.java:359)
	at org.codehaus.groovy.antlr.AntlrParserPlugin.transformCSTIntoAST(AntlrParserPlugin.java:142)
	at org.codehaus.groovy.antlr.AntlrParserPlugin.parseCST(AntlrParserPlugin.java:108)
	at org.codehaus.groovy.control.SourceUnit.parse(SourceUnit.java:236)
	at org.codehaus.groovy.control.CompilationUnit$1.call(CompilationUnit.java:162)
	at org.codehaus.groovy.control.CompilationUnit.applyToSourceUnits(CompilationUnit.java:903)
	at org.codehaus.groovy.control.CompilationUnit.doPhaseOperation(CompilationUnit.java:566)
	at org.codehaus.groovy.control.CompilationUnit.processPhaseOperations(CompilationUnit.java:542)
	at org.codehaus.groovy.control.CompilationUnit.compile(CompilationUnit.java:519)
	at grails.plugin.cache.web.filter.PageFragmentCachingFilter.doFilter(PageFragmentCachingFilter.java:200)
	at grails.plugin.cache.web.filter.AbstractFilter.doFilter(AbstractFilter.java:63)
	at java.util.concurrent.ThreadPoolExecutor.runWorker(ThreadPoolExecutor.java:1145)
	at java.util.concurrent.ThreadPoolExecutor$Worker.run(ThreadPoolExecutor.java:615)
	at java.lang.Thread.run(Thread.java:745)
2015-03-06 11:52:56,490 [http-bio-8080-exec-10] ERROR StackTrace  - Full Stack Trace:
org.codehaus.groovy.control.MultipleCompilationErrorsException: startup failed:
Users_ravila_mercadolibre_CumpleEmpleados_grails_app_views_empleado_buscar_gsp: 70: expecting '}', found ',' @ line 70, column 150.
    it) { return empleadoInstance,id }],3)
                                 ^

1 error

	at org.codehaus.groovy.control.ErrorCollector.failIfErrors(ErrorCollector.java:309)
	at org.codehaus.groovy.control.ErrorCollector.addFatalError(ErrorCollector.java:149)
	at org.codehaus.groovy.control.ErrorCollector.addError(ErrorCollector.java:119)
	at org.codehaus.groovy.control.ErrorCollector.addError(ErrorCollector.java:131)
	at org.codehaus.groovy.control.SourceUnit.addError(SourceUnit.java:359)
	at org.codehaus.groovy.antlr.AntlrParserPlugin.transformCSTIntoAST(AntlrParserPlugin.java:142)
	at org.codehaus.groovy.antlr.AntlrParserPlugin.parseCST(AntlrParserPlugin.java:108)
	at org.codehaus.groovy.control.SourceUnit.parse(SourceUnit.java:236)
	at org.codehaus.groovy.control.CompilationUnit$1.call(CompilationUnit.java:162)
	at org.codehaus.groovy.control.CompilationUnit.applyToSourceUnits(CompilationUnit.java:903)
	at org.codehaus.groovy.control.CompilationUnit.doPhaseOperation(CompilationUnit.java:566)
	at org.codehaus.groovy.control.CompilationUnit.processPhaseOperations(CompilationUnit.java:542)
	at org.codehaus.groovy.control.CompilationUnit.compile(CompilationUnit.java:519)
	at grails.plugin.cache.web.filter.PageFragmentCachingFilter.doFilter(PageFragmentCachingFilter.java:200)
	at grails.plugin.cache.web.filter.AbstractFilter.doFilter(AbstractFilter.java:63)
	at java.util.concurrent.ThreadPoolExecutor.runWorker(ThreadPoolExecutor.java:1145)
	at java.util.concurrent.ThreadPoolExecutor$Worker.run(ThreadPoolExecutor.java:615)
	at java.lang.Thread.run(Thread.java:745)
2015-03-06 11:52:56,491 [http-bio-8080-exec-10] ERROR StackTrace  - Full Stack Trace:
org.codehaus.groovy.grails.web.pages.exceptions.GroovyPagesException: Could not parse script [/grails-app/views/empleado/buscar.gsp]: startup failed:
Users_ravila_mercadolibre_CumpleEmpleados_grails_app_views_empleado_buscar_gsp: 70: expecting '}', found ',' @ line 70, column 150.
    it) { return empleadoInstance,id }],3)
                                 ^

1 error

	at org.codehaus.groovy.grails.web.pages.GroovyPagesTemplateEngine.compileGroovyPage(GroovyPagesTemplateEngine.java:646)
	at org.codehaus.groovy.grails.web.pages.GroovyPagesTemplateEngine.buildPageMetaInfo(GroovyPagesTemplateEngine.java:582)
	at org.codehaus.groovy.grails.web.pages.GroovyPagesTemplateEngine.createTemplate(GroovyPagesTemplateEngine.java:469)
	at org.codehaus.groovy.grails.web.pages.GroovyPagesTemplateEngine.createTemplateWithResource(GroovyPagesTemplateEngine.java:451)
	at org.codehaus.groovy.grails.web.pages.GroovyPagesTemplateEngine.createTemplate(GroovyPagesTemplateEngine.java:257)
	at org.codehaus.groovy.grails.web.pages.GroovyPagesTemplateEngine.createTemplate(GroovyPagesTemplateEngine.java:346)
	at org.codehaus.groovy.grails.web.servlet.view.GroovyPageView.initTemplate(GroovyPageView.java:249)
	at org.codehaus.groovy.grails.web.servlet.view.GroovyPageView.afterPropertiesSet(GroovyPageView.java:239)
	at org.codehaus.groovy.grails.web.servlet.view.GrailsViewResolver.createGroovyPageView(GrailsViewResolver.java:177)
	at org.codehaus.groovy.grails.web.servlet.view.GrailsViewResolver.createGrailsView(GrailsViewResolver.java:160)
	at org.codehaus.groovy.grails.web.servlet.view.GrailsViewResolver.loadView(GrailsViewResolver.java:85)
	at org.codehaus.groovy.grails.scaffolding.view.ScaffoldingViewResolver.loadView(ScaffoldingViewResolver.java:59)
	at org.springframework.web.servlet.view.AbstractCachingViewResolver.createView(AbstractCachingViewResolver.java:211)
	at org.springframework.web.servlet.view.UrlBasedViewResolver.createView(UrlBasedViewResolver.java:401)
	at org.springframework.web.servlet.view.AbstractCachingViewResolver.resolveViewName(AbstractCachingViewResolver.java:120)
	at org.springframework.web.servlet.DispatcherServlet.resolveViewName(DispatcherServlet.java:1211)
	at org.springframework.web.servlet.DispatcherServlet.render(DispatcherServlet.java:1160)
	at org.codehaus.groovy.grails.web.servlet.GrailsDispatcherServlet.doDispatch(GrailsDispatcherServlet.java:369)
	at org.springframework.web.servlet.DispatcherServlet.doService(DispatcherServlet.java:852)
	at org.springframework.web.servlet.FrameworkServlet.processRequest(FrameworkServlet.java:882)
	at org.springframework.web.servlet.FrameworkServlet.doGet(FrameworkServlet.java:778)
	at javax.servlet.http.HttpServlet.service(HttpServlet.java:621)
	at javax.servlet.http.HttpServlet.service(HttpServlet.java:728)
	at org.apache.catalina.core.ApplicationFilterChain.internalDoFilter(ApplicationFilterChain.java:305)
	at org.apache.catalina.core.ApplicationFilterChain.doFilter(ApplicationFilterChain.java:210)
	at grails.plugin.cache.web.filter.PageFragmentCachingFilter.doFilter(PageFragmentCachingFilter.java:200)
	at grails.plugin.cache.web.filter.simple.MemoryPageFragmentCachingFilter.doFilter(MemoryPageFragmentCachingFilter.java)
	at grails.plugin.cache.web.filter.AbstractFilter.doFilter(AbstractFilter.java:63)
	at org.springframework.web.filter.DelegatingFilterProxy.invokeDelegate(DelegatingFilterProxy.java:346)
	at org.springframework.web.filter.DelegatingFilterProxy.doFilter(DelegatingFilterProxy.java:259)
	at org.apache.catalina.core.ApplicationFilterChain.internalDoFilter(ApplicationFilterChain.java:243)
	at org.apache.catalina.core.ApplicationFilterChain.doFilter(ApplicationFilterChain.java:210)
	at org.springframework.web.filter.OncePerRequestFilter.doFilter(OncePerRequestFilter.java:70)
	at org.apache.catalina.core.ApplicationFilterChain.internalDoFilter(ApplicationFilterChain.java:243)
	at org.apache.catalina.core.ApplicationFilterChain.doFilter(ApplicationFilterChain.java:210)
	at org.springframework.web.filter.OncePerRequestFilter.doFilter(OncePerRequestFilter.java:70)
	at org.apache.catalina.core.ApplicationFilterChain.internalDoFilter(ApplicationFilterChain.java:243)
	at org.apache.catalina.core.ApplicationFilterChain.doFilter(ApplicationFilterChain.java:210)
	at org.springframework.web.filter.OncePerRequestFilter.doFilter(OncePerRequestFilter.java:70)
	at org.apache.catalina.core.ApplicationFilterChain.internalDoFilter(ApplicationFilterChain.java:243)
	at org.apache.catalina.core.ApplicationFilterChain.doFilter(ApplicationFilterChain.java:210)
	at org.apache.catalina.core.ApplicationDispatcher.invoke(ApplicationDispatcher.java:749)
	at org.apache.catalina.core.ApplicationDispatcher.processRequest(ApplicationDispatcher.java:487)
	at org.apache.catalina.core.ApplicationDispatcher.doForward(ApplicationDispatcher.java:412)
	at org.apache.catalina.core.ApplicationDispatcher.forward(ApplicationDispatcher.java:339)
	at org.codehaus.groovy.grails.web.util.WebUtils.forwardRequestForUrlMappingInfo(WebUtils.java:318)
	at org.codehaus.groovy.grails.web.util.WebUtils.forwardRequestForUrlMappingInfo(WebUtils.java:283)
	at org.codehaus.groovy.grails.web.util.WebUtils.forwardRequestForUrlMappingInfo(WebUtils.java:274)
	at org.codehaus.groovy.grails.web.mapping.filter.UrlMappingsFilter.doFilterInternal(UrlMappingsFilter.java:203)
	at org.springframework.web.filter.OncePerRequestFilter.doFilter(OncePerRequestFilter.java:76)
	at org.apache.catalina.core.ApplicationFilterChain.internalDoFilter(ApplicationFilterChain.java:243)
	at org.apache.catalina.core.ApplicationFilterChain.doFilter(ApplicationFilterChain.java:210)
	at org.codehaus.groovy.grails.web.sitemesh.GrailsPageFilter.obtainContent(GrailsPageFilter.java:206)
	at org.codehaus.groovy.grails.web.sitemesh.GrailsPageFilter.doFilter(GrailsPageFilter.java:152)
	at org.apache.catalina.core.ApplicationFilterChain.internalDoFilter(ApplicationFilterChain.java:243)
	at org.apache.catalina.core.ApplicationFilterChain.doFilter(ApplicationFilterChain.java:210)
	at javax.servlet.FilterChain$doFilter.call(Unknown Source)
	at org.grails.plugin.resource.DevModeSanityFilter.doFilter(DevModeSanityFilter.groovy:45)
	at org.apache.catalina.core.ApplicationFilterChain.internalDoFilter(ApplicationFilterChain.java:243)
	at org.apache.catalina.core.ApplicationFilterChain.doFilter(ApplicationFilterChain.java:210)
	at org.codehaus.groovy.grails.web.servlet.mvc.GrailsWebRequestFilter.doFilterInternal(GrailsWebRequestFilter.java:69)
	at org.springframework.web.filter.OncePerRequestFilter.doFilter(OncePerRequestFilter.java:76)
	at org.apache.catalina.core.ApplicationFilterChain.internalDoFilter(ApplicationFilterChain.java:243)
	at org.apache.catalina.core.ApplicationFilterChain.doFilter(ApplicationFilterChain.java:210)
	at org.codehaus.groovy.grails.web.filters.HiddenHttpMethodFilter.doFilterInternal(HiddenHttpMethodFilter.java:66)
	at org.springframework.web.filter.OncePerRequestFilter.doFilter(OncePerRequestFilter.java:76)
	at org.apache.catalina.core.ApplicationFilterChain.internalDoFilter(ApplicationFilterChain.java:243)
	at org.apache.catalina.core.ApplicationFilterChain.doFilter(ApplicationFilterChain.java:210)
	at org.springframework.web.filter.CharacterEncodingFilter.doFilterInternal(CharacterEncodingFilter.java:88)
	at org.springframework.web.filter.OncePerRequestFilter.doFilter(OncePerRequestFilter.java:76)
	at org.springframework.web.filter.DelegatingFilterProxy.invokeDelegate(DelegatingFilterProxy.java:346)
	at org.springframework.web.filter.DelegatingFilterProxy.doFilter(DelegatingFilterProxy.java:259)
	at org.apache.catalina.core.ApplicationFilterChain.internalDoFilter(ApplicationFilterChain.java:243)
	at org.apache.catalina.core.ApplicationFilterChain.doFilter(ApplicationFilterChain.java:210)
	at org.apache.catalina.core.StandardWrapperValve.invoke(StandardWrapperValve.java:222)
	at org.apache.catalina.core.StandardContextValve.invoke(StandardContextValve.java:123)
	at org.apache.catalina.core.StandardHostValve.invoke(StandardHostValve.java:171)
	at org.apache.catalina.valves.ErrorReportValve.invoke(ErrorReportValve.java:99)
	at org.apache.catalina.core.StandardEngineValve.invoke(StandardEngineValve.java:118)
	at org.apache.catalina.connector.CoyoteAdapter.service(CoyoteAdapter.java:408)
	at org.apache.coyote.http11.AbstractHttp11Processor.process(AbstractHttp11Processor.java:1023)
	at org.apache.coyote.AbstractProtocol$AbstractConnectionHandler.process(AbstractProtocol.java:589)
	at org.apache.tomcat.util.net.JIoEndpoint$SocketProcessor.run(JIoEndpoint.java:310)
	at java.util.concurrent.ThreadPoolExecutor.runWorker(ThreadPoolExecutor.java:1145)
	at java.util.concurrent.ThreadPoolExecutor$Worker.run(ThreadPoolExecutor.java:615)
	at java.lang.Thread.run(Thread.java:745)
Caused by: org.codehaus.groovy.control.MultipleCompilationErrorsException: startup failed:
Users_ravila_mercadolibre_CumpleEmpleados_grails_app_views_empleado_buscar_gsp: 70: expecting '}', found ',' @ line 70, column 150.
    it) { return empleadoInstance,id }],3)
                                 ^

1 error

	at org.codehaus.groovy.control.ErrorCollector.failIfErrors(ErrorCollector.java:309)
	at org.codehaus.groovy.control.ErrorCollector.addFatalError(ErrorCollector.java:149)
	at org.codehaus.groovy.control.ErrorCollector.addError(ErrorCollector.java:119)
	at org.codehaus.groovy.control.ErrorCollector.addError(ErrorCollector.java:131)
	at org.codehaus.groovy.control.SourceUnit.addError(SourceUnit.java:359)
	at org.codehaus.groovy.antlr.AntlrParserPlugin.transformCSTIntoAST(AntlrParserPlugin.java:142)
	at org.codehaus.groovy.antlr.AntlrParserPlugin.parseCST(AntlrParserPlugin.java:108)
	at org.codehaus.groovy.control.SourceUnit.parse(SourceUnit.java:236)
	at org.codehaus.groovy.control.CompilationUnit$1.call(CompilationUnit.java:162)
	at org.codehaus.groovy.control.CompilationUnit.applyToSourceUnits(CompilationUnit.java:903)
	at org.codehaus.groovy.control.CompilationUnit.doPhaseOperation(CompilationUnit.java:566)
	at org.codehaus.groovy.control.CompilationUnit.processPhaseOperations(CompilationUnit.java:542)
	at org.codehaus.groovy.control.CompilationUnit.compile(CompilationUnit.java:519)
	at grails.plugin.cache.web.filter.PageFragmentCachingFilter.doFilter(PageFragmentCachingFilter.java:200)
	at grails.plugin.cache.web.filter.AbstractFilter.doFilter(AbstractFilter.java:63)
	... 3 more
2015-03-06 11:52:56,492 [http-bio-8080-exec-10] ERROR StackTrace  - Full Stack Trace:
org.codehaus.groovy.control.MultipleCompilationErrorsException: startup failed:
Users_ravila_mercadolibre_CumpleEmpleados_grails_app_views_empleado_buscar_gsp: 70: expecting '}', found ',' @ line 70, column 150.
    it) { return empleadoInstance,id }],3)
                                 ^

1 error

	at org.codehaus.groovy.control.ErrorCollector.failIfErrors(ErrorCollector.java:309)
	at org.codehaus.groovy.control.ErrorCollector.addFatalError(ErrorCollector.java:149)
	at org.codehaus.groovy.control.ErrorCollector.addError(ErrorCollector.java:119)
	at org.codehaus.groovy.control.ErrorCollector.addError(ErrorCollector.java:131)
	at org.codehaus.groovy.control.SourceUnit.addError(SourceUnit.java:359)
	at org.codehaus.groovy.antlr.AntlrParserPlugin.transformCSTIntoAST(AntlrParserPlugin.java:142)
	at org.codehaus.groovy.antlr.AntlrParserPlugin.parseCST(AntlrParserPlugin.java:108)
	at org.codehaus.groovy.control.SourceUnit.parse(SourceUnit.java:236)
	at org.codehaus.groovy.control.CompilationUnit$1.call(CompilationUnit.java:162)
	at org.codehaus.groovy.control.CompilationUnit.applyToSourceUnits(CompilationUnit.java:903)
	at org.codehaus.groovy.control.CompilationUnit.doPhaseOperation(CompilationUnit.java:566)
	at org.codehaus.groovy.control.CompilationUnit.processPhaseOperations(CompilationUnit.java:542)
	at org.codehaus.groovy.control.CompilationUnit.compile(CompilationUnit.java:519)
	at grails.plugin.cache.web.filter.PageFragmentCachingFilter.doFilter(PageFragmentCachingFilter.java:200)
	at grails.plugin.cache.web.filter.AbstractFilter.doFilter(AbstractFilter.java:63)
	at java.util.concurrent.ThreadPoolExecutor.runWorker(ThreadPoolExecutor.java:1145)
	at java.util.concurrent.ThreadPoolExecutor$Worker.run(ThreadPoolExecutor.java:615)
	at java.lang.Thread.run(Thread.java:745)
2015-03-06 11:52:56,492 [http-bio-8080-exec-10] ERROR StackTrace  - Full Stack Trace:
org.codehaus.groovy.grails.web.pages.exceptions.GroovyPagesException: Could not parse script [/grails-app/views/empleado/buscar.gsp]: startup failed:
Users_ravila_mercadolibre_CumpleEmpleados_grails_app_views_empleado_buscar_gsp: 70: expecting '}', found ',' @ line 70, column 150.
    it) { return empleadoInstance,id }],3)
                                 ^

1 error

	at grails.plugin.cache.web.filter.PageFragmentCachingFilter.doFilter(PageFragmentCachingFilter.java:200)
	at grails.plugin.cache.web.filter.AbstractFilter.doFilter(AbstractFilter.java:63)
	at java.util.concurrent.ThreadPoolExecutor.runWorker(ThreadPoolExecutor.java:1145)
	at java.util.concurrent.ThreadPoolExecutor$Worker.run(ThreadPoolExecutor.java:615)
	at java.lang.Thread.run(Thread.java:745)
Caused by: org.codehaus.groovy.control.MultipleCompilationErrorsException: startup failed:
Users_ravila_mercadolibre_CumpleEmpleados_grails_app_views_empleado_buscar_gsp: 70: expecting '}', found ',' @ line 70, column 150.
    it) { return empleadoInstance,id }],3)
                                 ^

1 error

	at org.codehaus.groovy.control.ErrorCollector.failIfErrors(ErrorCollector.java:309)
	at org.codehaus.groovy.control.ErrorCollector.addFatalError(ErrorCollector.java:149)
	at org.codehaus.groovy.control.ErrorCollector.addError(ErrorCollector.java:119)
	at org.codehaus.groovy.control.ErrorCollector.addError(ErrorCollector.java:131)
	at org.codehaus.groovy.control.SourceUnit.addError(SourceUnit.java:359)
	at org.codehaus.groovy.antlr.AntlrParserPlugin.transformCSTIntoAST(AntlrParserPlugin.java:142)
	at org.codehaus.groovy.antlr.AntlrParserPlugin.parseCST(AntlrParserPlugin.java:108)
	at org.codehaus.groovy.control.SourceUnit.parse(SourceUnit.java:236)
	at org.codehaus.groovy.control.CompilationUnit$1.call(CompilationUnit.java:162)
	at org.codehaus.groovy.control.CompilationUnit.applyToSourceUnits(CompilationUnit.java:903)
	at org.codehaus.groovy.control.CompilationUnit.doPhaseOperation(CompilationUnit.java:566)
	at org.codehaus.groovy.control.CompilationUnit.processPhaseOperations(CompilationUnit.java:542)
	at org.codehaus.groovy.control.CompilationUnit.compile(CompilationUnit.java:519)
	... 5 more
2015-03-06 11:52:56,493 [http-bio-8080-exec-10] ERROR StackTrace  - Full Stack Trace:
org.codehaus.groovy.grails.web.pages.exceptions.GroovyPagesException: Could not parse script [/grails-app/views/empleado/buscar.gsp]: startup failed:
Users_ravila_mercadolibre_CumpleEmpleados_grails_app_views_empleado_buscar_gsp: 70: expecting '}', found ',' @ line 70, column 150.
    it) { return empleadoInstance,id }],3)
                                 ^

1 error

	at grails.plugin.cache.web.filter.PageFragmentCachingFilter.doFilter(PageFragmentCachingFilter.java:200)
	at grails.plugin.cache.web.filter.AbstractFilter.doFilter(AbstractFilter.java:63)
	at java.util.concurrent.ThreadPoolExecutor.runWorker(ThreadPoolExecutor.java:1145)
	at java.util.concurrent.ThreadPoolExecutor$Worker.run(ThreadPoolExecutor.java:615)
	at java.lang.Thread.run(Thread.java:745)
Caused by: org.codehaus.groovy.control.MultipleCompilationErrorsException: startup failed:
Users_ravila_mercadolibre_CumpleEmpleados_grails_app_views_empleado_buscar_gsp: 70: expecting '}', found ',' @ line 70, column 150.
    it) { return empleadoInstance,id }],3)
                                 ^

1 error

	at org.codehaus.groovy.control.ErrorCollector.failIfErrors(ErrorCollector.java:309)
	at org.codehaus.groovy.control.ErrorCollector.addFatalError(ErrorCollector.java:149)
	at org.codehaus.groovy.control.ErrorCollector.addError(ErrorCollector.java:119)
	at org.codehaus.groovy.control.ErrorCollector.addError(ErrorCollector.java:131)
	at org.codehaus.groovy.control.SourceUnit.addError(SourceUnit.java:359)
	at org.codehaus.groovy.antlr.AntlrParserPlugin.transformCSTIntoAST(AntlrParserPlugin.java:142)
	at org.codehaus.groovy.antlr.AntlrParserPlugin.parseCST(AntlrParserPlugin.java:108)
	at org.codehaus.groovy.control.SourceUnit.parse(SourceUnit.java:236)
	at org.codehaus.groovy.control.CompilationUnit$1.call(CompilationUnit.java:162)
	at org.codehaus.groovy.control.CompilationUnit.applyToSourceUnits(CompilationUnit.java:903)
	at org.codehaus.groovy.control.CompilationUnit.doPhaseOperation(CompilationUnit.java:566)
	at org.codehaus.groovy.control.CompilationUnit.processPhaseOperations(CompilationUnit.java:542)
	at org.codehaus.groovy.control.CompilationUnit.compile(CompilationUnit.java:519)
	... 5 more
2015-03-06 11:52:56,494 [http-bio-8080-exec-10] ERROR StackTrace  - Full Stack Trace:
org.codehaus.groovy.control.MultipleCompilationErrorsException: startup failed:
Users_ravila_mercadolibre_CumpleEmpleados_grails_app_views_empleado_buscar_gsp: 70: expecting '}', found ',' @ line 70, column 150.
    it) { return empleadoInstance,id }],3)
                                 ^

1 error

	at org.codehaus.groovy.control.ErrorCollector.failIfErrors(ErrorCollector.java:309)
	at org.codehaus.groovy.control.ErrorCollector.addFatalError(ErrorCollector.java:149)
	at org.codehaus.groovy.control.ErrorCollector.addError(ErrorCollector.java:119)
	at org.codehaus.groovy.control.ErrorCollector.addError(ErrorCollector.java:131)
	at org.codehaus.groovy.control.SourceUnit.addError(SourceUnit.java:359)
	at org.codehaus.groovy.antlr.AntlrParserPlugin.transformCSTIntoAST(AntlrParserPlugin.java:142)
	at org.codehaus.groovy.antlr.AntlrParserPlugin.parseCST(AntlrParserPlugin.java:108)
	at org.codehaus.groovy.control.SourceUnit.parse(SourceUnit.java:236)
	at org.codehaus.groovy.control.CompilationUnit$1.call(CompilationUnit.java:162)
	at org.codehaus.groovy.control.CompilationUnit.applyToSourceUnits(CompilationUnit.java:903)
	at org.codehaus.groovy.control.CompilationUnit.doPhaseOperation(CompilationUnit.java:566)
	at org.codehaus.groovy.control.CompilationUnit.processPhaseOperations(CompilationUnit.java:542)
	at org.codehaus.groovy.control.CompilationUnit.compile(CompilationUnit.java:519)
	at grails.plugin.cache.web.filter.PageFragmentCachingFilter.doFilter(PageFragmentCachingFilter.java:200)
	at grails.plugin.cache.web.filter.AbstractFilter.doFilter(AbstractFilter.java:63)
	at java.util.concurrent.ThreadPoolExecutor.runWorker(ThreadPoolExecutor.java:1145)
	at java.util.concurrent.ThreadPoolExecutor$Worker.run(ThreadPoolExecutor.java:615)
	at java.lang.Thread.run(Thread.java:745)
2015-03-06 11:52:56,494 [http-bio-8080-exec-10] ERROR StackTrace  - Full Stack Trace:
org.codehaus.groovy.grails.web.pages.exceptions.GroovyPagesException: Could not parse script [/grails-app/views/empleado/buscar.gsp]: startup failed:
Users_ravila_mercadolibre_CumpleEmpleados_grails_app_views_empleado_buscar_gsp: 70: expecting '}', found ',' @ line 70, column 150.
    it) { return empleadoInstance,id }],3)
                                 ^

1 error

	at grails.plugin.cache.web.filter.PageFragmentCachingFilter.doFilter(PageFragmentCachingFilter.java:200)
	at grails.plugin.cache.web.filter.AbstractFilter.doFilter(AbstractFilter.java:63)
	at java.util.concurrent.ThreadPoolExecutor.runWorker(ThreadPoolExecutor.java:1145)
	at java.util.concurrent.ThreadPoolExecutor$Worker.run(ThreadPoolExecutor.java:615)
	at java.lang.Thread.run(Thread.java:745)
Caused by: org.codehaus.groovy.control.MultipleCompilationErrorsException: startup failed:
Users_ravila_mercadolibre_CumpleEmpleados_grails_app_views_empleado_buscar_gsp: 70: expecting '}', found ',' @ line 70, column 150.
    it) { return empleadoInstance,id }],3)
                                 ^

1 error

	at org.codehaus.groovy.control.ErrorCollector.failIfErrors(ErrorCollector.java:309)
	at org.codehaus.groovy.control.ErrorCollector.addFatalError(ErrorCollector.java:149)
	at org.codehaus.groovy.control.ErrorCollector.addError(ErrorCollector.java:119)
	at org.codehaus.groovy.control.ErrorCollector.addError(ErrorCollector.java:131)
	at org.codehaus.groovy.control.SourceUnit.addError(SourceUnit.java:359)
	at org.codehaus.groovy.antlr.AntlrParserPlugin.transformCSTIntoAST(AntlrParserPlugin.java:142)
	at org.codehaus.groovy.antlr.AntlrParserPlugin.parseCST(AntlrParserPlugin.java:108)
	at org.codehaus.groovy.control.SourceUnit.parse(SourceUnit.java:236)
	at org.codehaus.groovy.control.CompilationUnit$1.call(CompilationUnit.java:162)
	at org.codehaus.groovy.control.CompilationUnit.applyToSourceUnits(CompilationUnit.java:903)
	at org.codehaus.groovy.control.CompilationUnit.doPhaseOperation(CompilationUnit.java:566)
	at org.codehaus.groovy.control.CompilationUnit.processPhaseOperations(CompilationUnit.java:542)
	at org.codehaus.groovy.control.CompilationUnit.compile(CompilationUnit.java:519)
	... 5 more
2015-03-06 11:52:56,494 [http-bio-8080-exec-10] ERROR StackTrace  - Full Stack Trace:
org.codehaus.groovy.grails.web.pages.exceptions.GroovyPagesException: Could not parse script [/grails-app/views/empleado/buscar.gsp]: startup failed:
Users_ravila_mercadolibre_CumpleEmpleados_grails_app_views_empleado_buscar_gsp: 70: expecting '}', found ',' @ line 70, column 150.
    it) { return empleadoInstance,id }],3)
                                 ^

1 error

	at grails.plugin.cache.web.filter.PageFragmentCachingFilter.doFilter(PageFragmentCachingFilter.java:200)
	at grails.plugin.cache.web.filter.AbstractFilter.doFilter(AbstractFilter.java:63)
	at java.util.concurrent.ThreadPoolExecutor.runWorker(ThreadPoolExecutor.java:1145)
	at java.util.concurrent.ThreadPoolExecutor$Worker.run(ThreadPoolExecutor.java:615)
	at java.lang.Thread.run(Thread.java:745)
Caused by: org.codehaus.groovy.control.MultipleCompilationErrorsException: startup failed:
Users_ravila_mercadolibre_CumpleEmpleados_grails_app_views_empleado_buscar_gsp: 70: expecting '}', found ',' @ line 70, column 150.
    it) { return empleadoInstance,id }],3)
                                 ^

1 error

	at org.codehaus.groovy.control.ErrorCollector.failIfErrors(ErrorCollector.java:309)
	at org.codehaus.groovy.control.ErrorCollector.addFatalError(ErrorCollector.java:149)
	at org.codehaus.groovy.control.ErrorCollector.addError(ErrorCollector.java:119)
	at org.codehaus.groovy.control.ErrorCollector.addError(ErrorCollector.java:131)
	at org.codehaus.groovy.control.SourceUnit.addError(SourceUnit.java:359)
	at org.codehaus.groovy.antlr.AntlrParserPlugin.transformCSTIntoAST(AntlrParserPlugin.java:142)
	at org.codehaus.groovy.antlr.AntlrParserPlugin.parseCST(AntlrParserPlugin.java:108)
	at org.codehaus.groovy.control.SourceUnit.parse(SourceUnit.java:236)
	at org.codehaus.groovy.control.CompilationUnit$1.call(CompilationUnit.java:162)
	at org.codehaus.groovy.control.CompilationUnit.applyToSourceUnits(CompilationUnit.java:903)
	at org.codehaus.groovy.control.CompilationUnit.doPhaseOperation(CompilationUnit.java:566)
	at org.codehaus.groovy.control.CompilationUnit.processPhaseOperations(CompilationUnit.java:542)
	at org.codehaus.groovy.control.CompilationUnit.compile(CompilationUnit.java:519)
	... 5 more
2015-03-06 11:52:56,495 [http-bio-8080-exec-10] ERROR StackTrace  - Full Stack Trace:
org.codehaus.groovy.control.MultipleCompilationErrorsException: startup failed:
Users_ravila_mercadolibre_CumpleEmpleados_grails_app_views_empleado_buscar_gsp: 70: expecting '}', found ',' @ line 70, column 150.
    it) { return empleadoInstance,id }],3)
                                 ^

1 error

	at org.codehaus.groovy.control.ErrorCollector.failIfErrors(ErrorCollector.java:309)
	at org.codehaus.groovy.control.ErrorCollector.addFatalError(ErrorCollector.java:149)
	at org.codehaus.groovy.control.ErrorCollector.addError(ErrorCollector.java:119)
	at org.codehaus.groovy.control.ErrorCollector.addError(ErrorCollector.java:131)
	at org.codehaus.groovy.control.SourceUnit.addError(SourceUnit.java:359)
	at org.codehaus.groovy.antlr.AntlrParserPlugin.transformCSTIntoAST(AntlrParserPlugin.java:142)
	at org.codehaus.groovy.antlr.AntlrParserPlugin.parseCST(AntlrParserPlugin.java:108)
	at org.codehaus.groovy.control.SourceUnit.parse(SourceUnit.java:236)
	at org.codehaus.groovy.control.CompilationUnit$1.call(CompilationUnit.java:162)
	at org.codehaus.groovy.control.CompilationUnit.applyToSourceUnits(CompilationUnit.java:903)
	at org.codehaus.groovy.control.CompilationUnit.doPhaseOperation(CompilationUnit.java:566)
	at org.codehaus.groovy.control.CompilationUnit.processPhaseOperations(CompilationUnit.java:542)
	at org.codehaus.groovy.control.CompilationUnit.compile(CompilationUnit.java:519)
	at grails.plugin.cache.web.filter.PageFragmentCachingFilter.doFilter(PageFragmentCachingFilter.java:200)
	at grails.plugin.cache.web.filter.AbstractFilter.doFilter(AbstractFilter.java:63)
	at java.util.concurrent.ThreadPoolExecutor.runWorker(ThreadPoolExecutor.java:1145)
	at java.util.concurrent.ThreadPoolExecutor$Worker.run(ThreadPoolExecutor.java:615)
	at java.lang.Thread.run(Thread.java:745)
2015-03-06 11:52:56,495 [http-bio-8080-exec-10] ERROR StackTrace  - Full Stack Trace:
org.codehaus.groovy.grails.web.pages.exceptions.GroovyPagesException: Could not parse script [/grails-app/views/empleado/buscar.gsp]: startup failed:
Users_ravila_mercadolibre_CumpleEmpleados_grails_app_views_empleado_buscar_gsp: 70: expecting '}', found ',' @ line 70, column 150.
    it) { return empleadoInstance,id }],3)
                                 ^

1 error

	at grails.plugin.cache.web.filter.PageFragmentCachingFilter.doFilter(PageFragmentCachingFilter.java:200)
	at grails.plugin.cache.web.filter.AbstractFilter.doFilter(AbstractFilter.java:63)
	at java.util.concurrent.ThreadPoolExecutor.runWorker(ThreadPoolExecutor.java:1145)
	at java.util.concurrent.ThreadPoolExecutor$Worker.run(ThreadPoolExecutor.java:615)
	at java.lang.Thread.run(Thread.java:745)
Caused by: org.codehaus.groovy.control.MultipleCompilationErrorsException: startup failed:
Users_ravila_mercadolibre_CumpleEmpleados_grails_app_views_empleado_buscar_gsp: 70: expecting '}', found ',' @ line 70, column 150.
    it) { return empleadoInstance,id }],3)
                                 ^

1 error

	at org.codehaus.groovy.control.ErrorCollector.failIfErrors(ErrorCollector.java:309)
	at org.codehaus.groovy.control.ErrorCollector.addFatalError(ErrorCollector.java:149)
	at org.codehaus.groovy.control.ErrorCollector.addError(ErrorCollector.java:119)
	at org.codehaus.groovy.control.ErrorCollector.addError(ErrorCollector.java:131)
	at org.codehaus.groovy.control.SourceUnit.addError(SourceUnit.java:359)
	at org.codehaus.groovy.antlr.AntlrParserPlugin.transformCSTIntoAST(AntlrParserPlugin.java:142)
	at org.codehaus.groovy.antlr.AntlrParserPlugin.parseCST(AntlrParserPlugin.java:108)
	at org.codehaus.groovy.control.SourceUnit.parse(SourceUnit.java:236)
	at org.codehaus.groovy.control.CompilationUnit$1.call(CompilationUnit.java:162)
	at org.codehaus.groovy.control.CompilationUnit.applyToSourceUnits(CompilationUnit.java:903)
	at org.codehaus.groovy.control.CompilationUnit.doPhaseOperation(CompilationUnit.java:566)
	at org.codehaus.groovy.control.CompilationUnit.processPhaseOperations(CompilationUnit.java:542)
	at org.codehaus.groovy.control.CompilationUnit.compile(CompilationUnit.java:519)
	... 5 more
